Using pre-set license
Built from '2020.3/release' branch; Version is '2020.3.7f1 (dd97f2c94397) revision 14522354'; Using compiler version '192528614'; Build Type 'Release'
OS: 'Windows 10 Education; OS build 18363.719; Version 1909; 64bit' Language: 'en' Physical Memory: 8129 MB
BatchMode: 1, IsHumanControllingUs: 0, StartBugReporterOnCrash: 0, Is64bit: 1, IsPro: 0

 COMMAND LINE ARGUMENTS:
C:\Program Files\Unity\Hub\Editor\2020.3.7f1\Editor\Unity.exe
-adb2
-batchMode
-noUpm
-name
AssetImportWorker1
-projectPath
F:/TestUnity/TheSimsDemo
-logFile
Logs/AssetImportWorker1.log
-srvPort
52893
Successfully changed project path to: F:/TestUnity/TheSimsDemo
F:/TestUnity/TheSimsDemo
Using Asset Import Pipeline V2.
Refreshing native plugins compatible for Editor in 28.34 ms, found 0 plugins.
Preloading 0 native plugins for Editor in 0.00 ms.
Initialize engine version: 2020.3.7f1 (dd97f2c94397)
[Subsystems] Discovering subsystems at path C:/Program Files/Unity/Hub/Editor/2020.3.7f1/Editor/Data/Resources/UnitySubsystems
[Subsystems] Discovering subsystems at path F:/TestUnity/TheSimsDemo/Assets
GfxDevice: creating device client; threaded=0
Direct3D:
    Version:  Direct3D 11.0 [level 11.1]
    Renderer: NVIDIA GeForce GTX 960 (ID=0x1401)
    Vendor:   
    VRAM:     2007 MB
    Driver:   27.21.14.6089
Initialize mono
Mono path[0] = 'C:/Program Files/Unity/Hub/Editor/2020.3.7f1/Editor/Data/Managed'
Mono path[1] = 'C:/Program Files/Unity/Hub/Editor/2020.3.7f1/Editor/Data/MonoBleedingEdge/lib/mono/unityjit'
Mono config path = 'C:/Program Files/Unity/Hub/Editor/2020.3.7f1/Editor/Data/MonoBleedingEdge/etc'
Using monoOptions --debugger-agent=transport=dt_socket,embedding=1,server=y,suspend=n,address=127.0.0.1:56592
Begin MonoManager ReloadAssembly
Registering precompiled unity dll's ...
Register platform support module: C:/Program Files/Unity/Hub/Editor/2020.3.7f1/Editor/Data/PlaybackEngines/WindowsStandaloneSupport/UnityEditor.WindowsStandalone.Extensions.dll
Registered in 0.002700 seconds.
Native extension for WindowsStandalone target not found
Refreshing native plugins compatible for Editor in 29.60 ms, found 0 plugins.
Preloading 0 native plugins for Editor in 0.00 ms.
Mono: successfully reloaded assembly
- Completed reload, in  2.071 seconds
Platform modules already initialized, skipping
Registering precompiled user dll's ...
Registered in 0.000758 seconds.
Begin MonoManager ReloadAssembly
Native extension for WindowsStandalone target not found
Refreshing native plugins compatible for Editor in 0.28 ms, found 0 plugins.
Preloading 0 native plugins for Editor in 0.00 ms.
Mono: successfully reloaded assembly
- Completed reload, in  1.480 seconds
Platform modules already initialized, skipping
========================================================================
Worker process is ready to serve import requests
Launched and connected shader compiler UnityShaderCompiler.exe after 0.37 seconds
Refreshing native plugins compatible for Editor in 0.24 ms, found 0 plugins.
Preloading 0 native plugins for Editor in 0.00 ms.
Unloading 1124 Unused Serialized files (Serialized files now loaded: 0)
System memory in use before: 57.6 MB.
System memory in use after: 57.7 MB.

Unloading 10 unused Assets to reduce memory usage. Loaded Objects now: 1568.
Total: 3.069400 ms (FindLiveObjects: 0.395300 ms CreateObjectMapping: 0.151900 ms MarkObjects: 2.397500 ms  DeleteObjects: 0.104600 ms)

========================================================================
Received Import Request.
  path: Assets/Prefabs/Door/Door Preview.prefab
  artifactKey: Guid(254c0b3b921a1414f957b14c4db352a7) Importer(815301076,1909f56bfc062723c751e8b465ee728b)
Start importing Assets/Prefabs/Door/Door Preview.prefab using Guid(254c0b3b921a1414f957b14c4db352a7) Importer(815301076,1909f56bfc062723c751e8b465ee728b)  -> (artifact id: '052a3b837212f5ed34dc0a7a8c77cd36') in 0.254292 seconds
  Import took 0.256945 seconds .

========================================================================
Received Import Request.
  Time since last request: 200.560157 seconds.
  path: Assets/ColorSet/Table02.asset
  artifactKey: Guid(654f7de077b44a14d8c8d457248514ee) Importer(815301076,1909f56bfc062723c751e8b465ee728b)
Start importing Assets/ColorSet/Table02.asset using Guid(654f7de077b44a14d8c8d457248514ee) Importer(815301076,1909f56bfc062723c751e8b465ee728b)  -> (artifact id: 'bac6caccb752a6be114d983938149fe2') in 0.020968 seconds
  Import took 0.024575 seconds .

========================================================================
Received Import Request.
  Time since last request: 43.664618 seconds.
  path: Assets/Material/Black.mat
  artifactKey: Guid(a0889db0dd90d484ca16845bdbc92ea8) Importer(815301076,1909f56bfc062723c751e8b465ee728b)
Start importing Assets/Material/Black.mat using Guid(a0889db0dd90d484ca16845bdbc92ea8) Importer(815301076,1909f56bfc062723c751e8b465ee728b)  -> (artifact id: '1606a705b6e09183738cf06bf64ade08') in 0.105991 seconds
  Import took 0.110431 seconds .

========================================================================
Received Prepare
Registering precompiled user dll's ...
Registered in 0.000816 seconds.
Begin MonoManager ReloadAssembly
Native extension for WindowsStandalone target not found
Refreshing native plugins compatible for Editor in 0.29 ms, found 0 plugins.
Preloading 0 native plugins for Editor in 0.00 ms.
Mono: successfully reloaded assembly
- Completed reload, in  1.228 seconds
Platform modules already initialized, skipping
Refreshing native plugins compatible for Editor in 0.25 ms, found 0 plugins.
Preloading 0 native plugins for Editor in 0.00 ms.
Unloading 1119 Unused Serialized files (Serialized files now loaded: 0)
System memory in use before: 60.9 MB.
System memory in use after: 61.0 MB.

Unloading 5 unused Assets to reduce memory usage. Loaded Objects now: 1612.
Total: 2.042800 ms (FindLiveObjects: 0.171300 ms CreateObjectMapping: 0.074600 ms MarkObjects: 1.705500 ms  DeleteObjects: 0.089600 ms)

========================================================================
Received Import Request.
  Time since last request: 701.317281 seconds.
  path: Assets/New Folder
  artifactKey: Guid(9b080b4ca3f0c1444bc9ec66e0ae25fc) Importer(815301076,1909f56bfc062723c751e8b465ee728b)
Start importing Assets/New Folder using Guid(9b080b4ca3f0c1444bc9ec66e0ae25fc) Importer(815301076,1909f56bfc062723c751e8b465ee728b)  -> (artifact id: 'b839a22147df24b535bd23479bd8c439') in 0.041493 seconds
  Import took 0.044521 seconds .

========================================================================
Received Import Request.
  Time since last request: 5.752887 seconds.
  path: Assets/Images
  artifactKey: Guid(9b080b4ca3f0c1444bc9ec66e0ae25fc) Importer(815301076,1909f56bfc062723c751e8b465ee728b)
Start importing Assets/Images using Guid(9b080b4ca3f0c1444bc9ec66e0ae25fc) Importer(815301076,1909f56bfc062723c751e8b465ee728b)  -> (artifact id: '9b990e34ee03c90e4aee8f557033f462') in 0.017643 seconds
  Import took 0.029974 seconds .

========================================================================
Received Import Request.
  Time since last request: 20.168204 seconds.
  path: Assets/Images/Door.jpg
  artifactKey: Guid(86f7adc3654ed8f4fae141368cf0593a) Importer(815301076,1909f56bfc062723c751e8b465ee728b)
Start importing Assets/Images/Door.jpg using Guid(86f7adc3654ed8f4fae141368cf0593a) Importer(815301076,1909f56bfc062723c751e8b465ee728b)  -> (artifact id: '49c347aad5095e7624c12fdb9908f277') in 0.141130 seconds
  Import took 0.144357 seconds .

========================================================================
Received Import Request.
  Time since last request: 0.000265 seconds.
  path: Assets/Images/Table1.jpg
  artifactKey: Guid(236c283716691684dac43a791d3363e1) Importer(815301076,1909f56bfc062723c751e8b465ee728b)
Start importing Assets/Images/Table1.jpg using Guid(236c283716691684dac43a791d3363e1) Importer(815301076,1909f56bfc062723c751e8b465ee728b)  -> (artifact id: '1adfb74f1d8ba46838783d25c74fd0f3') in 0.016682 seconds
  Import took 0.019219 seconds .

========================================================================
Received Import Request.
  Time since last request: 0.000218 seconds.
  path: Assets/Images/Wall2.jpg
  artifactKey: Guid(756f5770c5583764fba5684e7cf15544) Importer(815301076,1909f56bfc062723c751e8b465ee728b)
Start importing Assets/Images/Wall2.jpg using Guid(756f5770c5583764fba5684e7cf15544) Importer(815301076,1909f56bfc062723c751e8b465ee728b)  -> (artifact id: 'da016d2b06dec748d620c1f4aa25e1fa') in 0.038210 seconds
  Import took 0.042416 seconds .

========================================================================
Received Import Request.
  Time since last request: 0.000188 seconds.
  path: Assets/Images/Door2.jpg
  artifactKey: Guid(234f2e605bd44bd4d96181f94372e90b) Importer(815301076,1909f56bfc062723c751e8b465ee728b)
Start importing Assets/Images/Door2.jpg using Guid(234f2e605bd44bd4d96181f94372e90b) Importer(815301076,1909f56bfc062723c751e8b465ee728b)  -> (artifact id: '12519946c387177f5b0b029d9b5e8833') in 0.030822 seconds
  Import took 0.033389 seconds .

========================================================================
Received Import Request.
  Time since last request: 0.000201 seconds.
  path: Assets/Images/Wall1.jpg
  artifactKey: Guid(79f71ddd5f0751e49923bc040847d4ef) Importer(815301076,1909f56bfc062723c751e8b465ee728b)
Start importing Assets/Images/Wall1.jpg using Guid(79f71ddd5f0751e49923bc040847d4ef) Importer(815301076,1909f56bfc062723c751e8b465ee728b)  -> (artifact id: '0b537e0f92c948c8d34b661831fdf181') in 0.013823 seconds
  Import took 0.016549 seconds .

========================================================================
Received Import Request.
  Time since last request: 0.000254 seconds.
  path: Assets/Images/Floor1.jpg
  artifactKey: Guid(cbdeabe5ddeb3bf4c80478391525bd1e) Importer(815301076,1909f56bfc062723c751e8b465ee728b)
Start importing Assets/Images/Floor1.jpg using Guid(cbdeabe5ddeb3bf4c80478391525bd1e) Importer(815301076,1909f56bfc062723c751e8b465ee728b)  -> (artifact id: '9b58413d9fb1715c24d3b6b8c9ea7c43') in 0.013838 seconds
  Import took 0.016769 seconds .

========================================================================
Received Import Request.
  Time since last request: 0.000188 seconds.
  path: Assets/Images/Floor2.jpg
  artifactKey: Guid(877cb9c8c52e9cf43b3fce906bba09f2) Importer(815301076,1909f56bfc062723c751e8b465ee728b)
Start importing Assets/Images/Floor2.jpg using Guid(877cb9c8c52e9cf43b3fce906bba09f2) Importer(815301076,1909f56bfc062723c751e8b465ee728b)  -> (artifact id: '926276acd3017cadcf81fab17c852863') in 0.017565 seconds
  Import took 0.020975 seconds .

========================================================================
Received Import Request.
  Time since last request: 0.000189 seconds.
  path: Assets/Images/Table2.jpg
  artifactKey: Guid(9128e88c81b2bf948a8341c9edc48939) Importer(815301076,1909f56bfc062723c751e8b465ee728b)
Start importing Assets/Images/Table2.jpg using Guid(9128e88c81b2bf948a8341c9edc48939) Importer(815301076,1909f56bfc062723c751e8b465ee728b)  -> (artifact id: '17f4fd6b899e3f9df8158fda131f48e5') in 0.013386 seconds
  Import took 0.016451 seconds .

========================================================================
Received Import Request.
  Time since last request: 0.000201 seconds.
  path: Assets/Images/Sofa1.jpg
  artifactKey: Guid(56ab72f228900d14dbaf9dbf9e7131b5) Importer(815301076,1909f56bfc062723c751e8b465ee728b)
Start importing Assets/Images/Sofa1.jpg using Guid(56ab72f228900d14dbaf9dbf9e7131b5) Importer(815301076,1909f56bfc062723c751e8b465ee728b)  -> (artifact id: 'ee2c8b895ccc4bc77335923d4ca9124f') in 0.017472 seconds
  Import took 0.020486 seconds .

========================================================================
Received Import Request.
  Time since last request: 0.000186 seconds.
  path: Assets/Images/Sofa2.jpg
  artifactKey: Guid(2defbe5860f529b4ca32e375a6be1915) Importer(815301076,1909f56bfc062723c751e8b465ee728b)
Start importing Assets/Images/Sofa2.jpg using Guid(2defbe5860f529b4ca32e375a6be1915) Importer(815301076,1909f56bfc062723c751e8b465ee728b)  -> (artifact id: '463393a23cbaddbcf1d4bd6376bb3128') in 0.012205 seconds
  Import took 0.015232 seconds .

========================================================================
Received Import Request.
  Time since last request: 23.113467 seconds.
  path: Assets/Images/Door.jpg
  artifactKey: Guid(86f7adc3654ed8f4fae141368cf0593a) Importer(815301076,1909f56bfc062723c751e8b465ee728b)
Start importing Assets/Images/Door.jpg using Guid(86f7adc3654ed8f4fae141368cf0593a) Importer(815301076,1909f56bfc062723c751e8b465ee728b)  -> (artifact id: 'd964da9f6327a8f29d21b94cedc985d4') in 0.076499 seconds
  Import took 0.080274 seconds .

========================================================================
Received Import Request.
  Time since last request: 0.000464 seconds.
  path: Assets/Images/Table1.jpg
  artifactKey: Guid(236c283716691684dac43a791d3363e1) Importer(815301076,1909f56bfc062723c751e8b465ee728b)
Start importing Assets/Images/Table1.jpg using Guid(236c283716691684dac43a791d3363e1) Importer(815301076,1909f56bfc062723c751e8b465ee728b)  -> (artifact id: '11132586f1c5b0c3dfa05d797db5ba93') in 0.016200 seconds
  Import took 0.019078 seconds .

========================================================================
Received Import Request.
  Time since last request: 0.000215 seconds.
  path: Assets/Images/Wall2.jpg
  artifactKey: Guid(756f5770c5583764fba5684e7cf15544) Importer(815301076,1909f56bfc062723c751e8b465ee728b)
Start importing Assets/Images/Wall2.jpg using Guid(756f5770c5583764fba5684e7cf15544) Importer(815301076,1909f56bfc062723c751e8b465ee728b)  -> (artifact id: '17bf3249bd98a898cc410a617f44da99') in 0.017441 seconds
  Import took 0.020091 seconds .

========================================================================
Received Import Request.
  Time since last request: 0.000233 seconds.
  path: Assets/Images/Door2.jpg
  artifactKey: Guid(234f2e605bd44bd4d96181f94372e90b) Importer(815301076,1909f56bfc062723c751e8b465ee728b)
Start importing Assets/Images/Door2.jpg using Guid(234f2e605bd44bd4d96181f94372e90b) Importer(815301076,1909f56bfc062723c751e8b465ee728b)  -> (artifact id: 'e125fc9c82e0f90ac736ed52b2426355') in 0.024815 seconds
  Import took 0.027683 seconds .

========================================================================
Received Import Request.
  Time since last request: 0.000209 seconds.
  path: Assets/Images/Wall1.jpg
  artifactKey: Guid(79f71ddd5f0751e49923bc040847d4ef) Importer(815301076,1909f56bfc062723c751e8b465ee728b)
Start importing Assets/Images/Wall1.jpg using Guid(79f71ddd5f0751e49923bc040847d4ef) Importer(815301076,1909f56bfc062723c751e8b465ee728b)  -> (artifact id: '9299e5316cb9ddb602d802d8dff4fed0') in 0.016465 seconds
  Import took 0.019304 seconds .

========================================================================
Received Import Request.
  Time since last request: 0.000236 seconds.
  path: Assets/Images/Floor1.jpg
  artifactKey: Guid(cbdeabe5ddeb3bf4c80478391525bd1e) Importer(815301076,1909f56bfc062723c751e8b465ee728b)
Start importing Assets/Images/Floor1.jpg using Guid(cbdeabe5ddeb3bf4c80478391525bd1e) Importer(815301076,1909f56bfc062723c751e8b465ee728b)  -> (artifact id: '328410e432f164d85532bcf537123d5e') in 0.020415 seconds
  Import took 0.024003 seconds .

========================================================================
Received Import Request.
  Time since last request: 0.000233 seconds.
  path: Assets/Images/Floor2.jpg
  artifactKey: Guid(877cb9c8c52e9cf43b3fce906bba09f2) Importer(815301076,1909f56bfc062723c751e8b465ee728b)
Start importing Assets/Images/Floor2.jpg using Guid(877cb9c8c52e9cf43b3fce906bba09f2) Importer(815301076,1909f56bfc062723c751e8b465ee728b)  -> (artifact id: 'f6f9f5b14b1d3bda4177922d04dbc3cc') in 0.019489 seconds
  Import took 0.023333 seconds .

========================================================================
Received Import Request.
  Time since last request: 0.000226 seconds.
  path: Assets/Images/Table2.jpg
  artifactKey: Guid(9128e88c81b2bf948a8341c9edc48939) Importer(815301076,1909f56bfc062723c751e8b465ee728b)
Start importing Assets/Images/Table2.jpg using Guid(9128e88c81b2bf948a8341c9edc48939) Importer(815301076,1909f56bfc062723c751e8b465ee728b)  -> (artifact id: 'cbc61315683402ea6d209b369d6ef30d') in 0.022542 seconds
  Import took 0.024866 seconds .

========================================================================
Received Import Request.
  Time since last request: 0.000176 seconds.
  path: Assets/Images/Sofa1.jpg
  artifactKey: Guid(56ab72f228900d14dbaf9dbf9e7131b5) Importer(815301076,1909f56bfc062723c751e8b465ee728b)
Start importing Assets/Images/Sofa1.jpg using Guid(56ab72f228900d14dbaf9dbf9e7131b5) Importer(815301076,1909f56bfc062723c751e8b465ee728b)  -> (artifact id: 'd0ee8db65572b7a3d49b8fe30a07f6ff') in 0.018999 seconds
  Import took 0.021381 seconds .

========================================================================
Received Import Request.
  Time since last request: 0.000199 seconds.
  path: Assets/Images/Sofa2.jpg
  artifactKey: Guid(2defbe5860f529b4ca32e375a6be1915) Importer(815301076,1909f56bfc062723c751e8b465ee728b)
Start importing Assets/Images/Sofa2.jpg using Guid(2defbe5860f529b4ca32e375a6be1915) Importer(815301076,1909f56bfc062723c751e8b465ee728b)  -> (artifact id: 'f6981701a66f1397855e48334989d048') in 0.032449 seconds
  Import took 0.034875 seconds .

========================================================================
Received Prepare
Registering precompiled user dll's ...
Registered in 0.001125 seconds.
Begin MonoManager ReloadAssembly
Native extension for WindowsStandalone target not found
Refreshing native plugins compatible for Editor in 0.28 ms, found 0 plugins.
Preloading 0 native plugins for Editor in 0.00 ms.
Mono: successfully reloaded assembly
- Completed reload, in  0.966 seconds
Platform modules already initialized, skipping
Refreshing native plugins compatible for Editor in 0.29 ms, found 0 plugins.
Preloading 0 native plugins for Editor in 0.00 ms.
Unloading 1120 Unused Serialized files (Serialized files now loaded: 0)
System memory in use before: 61.0 MB.
System memory in use after: 61.0 MB.

Unloading 5 unused Assets to reduce memory usage. Loaded Objects now: 1633.
Total: 2.847000 ms (FindLiveObjects: 0.172000 ms CreateObjectMapping: 0.080500 ms MarkObjects: 2.497900 ms  DeleteObjects: 0.094900 ms)

========================================================================
Received Prepare
Registering precompiled user dll's ...
Registered in 0.000557 seconds.
Begin MonoManager ReloadAssembly
Native extension for WindowsStandalone target not found
Refreshing native plugins compatible for Editor in 0.34 ms, found 0 plugins.
Preloading 0 native plugins for Editor in 0.00 ms.
Mono: successfully reloaded assembly
- Completed reload, in  1.035 seconds
Platform modules already initialized, skipping
Refreshing native plugins compatible for Editor in 0.24 ms, found 0 plugins.
Preloading 0 native plugins for Editor in 0.00 ms.
Unloading 1120 Unused Serialized files (Serialized files now loaded: 0)
System memory in use before: 61.0 MB.
System memory in use after: 61.1 MB.

Unloading 5 unused Assets to reduce memory usage. Loaded Objects now: 1636.
Total: 2.078200 ms (FindLiveObjects: 0.174500 ms CreateObjectMapping: 0.077400 ms MarkObjects: 1.766800 ms  DeleteObjects: 0.057900 ms)

========================================================================
Received Prepare
Registering precompiled user dll's ...
Registered in 0.000594 seconds.
Begin MonoManager ReloadAssembly
Native extension for WindowsStandalone target not found
Refreshing native plugins compatible for Editor in 0.25 ms, found 0 plugins.
Preloading 0 native plugins for Editor in 0.00 ms.
Mono: successfully reloaded assembly
- Completed reload, in  0.951 seconds
Platform modules already initialized, skipping
Refreshing native plugins compatible for Editor in 0.27 ms, found 0 plugins.
Preloading 0 native plugins for Editor in 0.00 ms.
Unloading 1120 Unused Serialized files (Serialized files now loaded: 0)
System memory in use before: 61.0 MB.
System memory in use after: 61.1 MB.

Unloading 5 unused Assets to reduce memory usage. Loaded Objects now: 1639.
Total: 2.006900 ms (FindLiveObjects: 0.152600 ms CreateObjectMapping: 0.069500 ms MarkObjects: 1.689300 ms  DeleteObjects: 0.094500 ms)

========================================================================
Received Prepare
Registering precompiled user dll's ...
Registered in 0.000788 seconds.
Begin MonoManager ReloadAssembly
Native extension for WindowsStandalone target not found
Refreshing native plugins compatible for Editor in 0.37 ms, found 0 plugins.
Preloading 0 native plugins for Editor in 0.00 ms.
Mono: successfully reloaded assembly
- Completed reload, in  1.190 seconds
Platform modules already initialized, skipping
Refreshing native plugins compatible for Editor in 0.25 ms, found 0 plugins.
Preloading 0 native plugins for Editor in 0.00 ms.
Unloading 1120 Unused Serialized files (Serialized files now loaded: 0)
System memory in use before: 61.0 MB.
System memory in use after: 61.1 MB.

Unloading 5 unused Assets to reduce memory usage. Loaded Objects now: 1642.
Total: 2.230100 ms (FindLiveObjects: 0.163500 ms CreateObjectMapping: 0.073200 ms MarkObjects: 1.898200 ms  DeleteObjects: 0.094000 ms)

========================================================================
Received Prepare
Registering precompiled user dll's ...
Registered in 0.000619 seconds.
Begin MonoManager ReloadAssembly
Native extension for WindowsStandalone target not found
Refreshing native plugins compatible for Editor in 0.25 ms, found 0 plugins.
Preloading 0 native plugins for Editor in 0.00 ms.
Mono: successfully reloaded assembly
- Completed reload, in  1.032 seconds
Platform modules already initialized, skipping
Refreshing native plugins compatible for Editor in 0.25 ms, found 0 plugins.
Preloading 0 native plugins for Editor in 0.00 ms.
Unloading 1120 Unused Serialized files (Serialized files now loaded: 0)
System memory in use before: 61.0 MB.
System memory in use after: 61.1 MB.

Unloading 5 unused Assets to reduce memory usage. Loaded Objects now: 1645.
Total: 2.638300 ms (FindLiveObjects: 0.200500 ms CreateObjectMapping: 0.095400 ms MarkObjects: 2.277800 ms  DeleteObjects: 0.062600 ms)

========================================================================
Received Prepare
Registering precompiled user dll's ...
Registered in 0.000601 seconds.
Begin MonoManager ReloadAssembly
Native extension for WindowsStandalone target not found
Refreshing native plugins compatible for Editor in 0.24 ms, found 0 plugins.
Preloading 0 native plugins for Editor in 0.00 ms.
Mono: successfully reloaded assembly
- Completed reload, in  1.015 seconds
Platform modules already initialized, skipping
Refreshing native plugins compatible for Editor in 0.25 ms, found 0 plugins.
Preloading 0 native plugins for Editor in 0.00 ms.
Unloading 1120 Unused Serialized files (Serialized files now loaded: 0)
System memory in use before: 61.0 MB.
System memory in use after: 61.1 MB.

Unloading 5 unused Assets to reduce memory usage. Loaded Objects now: 1648.
Total: 2.908200 ms (FindLiveObjects: 0.187600 ms CreateObjectMapping: 0.150600 ms MarkObjects: 2.501100 ms  DeleteObjects: 0.066800 ms)

========================================================================
Received Prepare
Registering precompiled user dll's ...
Registered in 0.000551 seconds.
Begin MonoManager ReloadAssembly
Native extension for WindowsStandalone target not found
Refreshing native plugins compatible for Editor in 0.26 ms, found 0 plugins.
Preloading 0 native plugins for Editor in 0.00 ms.
Mono: successfully reloaded assembly
- Completed reload, in  1.102 seconds
Platform modules already initialized, skipping
Refreshing native plugins compatible for Editor in 0.25 ms, found 0 plugins.
Preloading 0 native plugins for Editor in 0.00 ms.
Unloading 1120 Unused Serialized files (Serialized files now loaded: 0)
System memory in use before: 61.0 MB.
System memory in use after: 61.1 MB.

Unloading 5 unused Assets to reduce memory usage. Loaded Objects now: 1651.
Total: 2.262300 ms (FindLiveObjects: 0.221800 ms CreateObjectMapping: 0.088300 ms MarkObjects: 1.875000 ms  DeleteObjects: 0.075800 ms)

========================================================================
Received Prepare
Registering precompiled user dll's ...
Registered in 0.003118 seconds.
Begin MonoManager ReloadAssembly
Native extension for WindowsStandalone target not found
Refreshing native plugins compatible for Editor in 0.28 ms, found 0 plugins.
Preloading 0 native plugins for Editor in 0.00 ms.
Mono: successfully reloaded assembly
- Completed reload, in  0.998 seconds
Platform modules already initialized, skipping
Refreshing native plugins compatible for Editor in 0.24 ms, found 0 plugins.
Preloading 0 native plugins for Editor in 0.00 ms.
Unloading 1120 Unused Serialized files (Serialized files now loaded: 0)
System memory in use before: 61.0 MB.
System memory in use after: 61.1 MB.

Unloading 5 unused Assets to reduce memory usage. Loaded Objects now: 1654.
Total: 2.337600 ms (FindLiveObjects: 0.196500 ms CreateObjectMapping: 0.095500 ms MarkObjects: 1.977300 ms  DeleteObjects: 0.067000 ms)

========================================================================
Received Prepare
Registering precompiled user dll's ...
Registered in 0.000594 seconds.
Begin MonoManager ReloadAssembly
Native extension for WindowsStandalone target not found
Refreshing native plugins compatible for Editor in 0.26 ms, found 0 plugins.
Preloading 0 native plugins for Editor in 0.00 ms.
Mono: successfully reloaded assembly
- Completed reload, in  0.899 seconds
Platform modules already initialized, skipping
Refreshing native plugins compatible for Editor in 0.25 ms, found 0 plugins.
Preloading 0 native plugins for Editor in 0.00 ms.
Unloading 1120 Unused Serialized files (Serialized files now loaded: 0)
System memory in use before: 61.0 MB.
System memory in use after: 61.1 MB.

Unloading 5 unused Assets to reduce memory usage. Loaded Objects now: 1657.
Total: 2.125600 ms (FindLiveObjects: 0.158600 ms CreateObjectMapping: 0.075600 ms MarkObjects: 1.820300 ms  DeleteObjects: 0.069900 ms)

========================================================================
Received Prepare
Registering precompiled user dll's ...
Registered in 0.000874 seconds.
Begin MonoManager ReloadAssembly
Native extension for WindowsStandalone target not found
Refreshing native plugins compatible for Editor in 0.28 ms, found 0 plugins.
Preloading 0 native plugins for Editor in 0.00 ms.
Mono: successfully reloaded assembly
- Completed reload, in  1.035 seconds
Platform modules already initialized, skipping
Refreshing native plugins compatible for Editor in 0.24 ms, found 0 plugins.
Preloading 0 native plugins for Editor in 0.00 ms.
Unloading 1120 Unused Serialized files (Serialized files now loaded: 0)
System memory in use before: 61.0 MB.
System memory in use after: 61.1 MB.

Unloading 5 unused Assets to reduce memory usage. Loaded Objects now: 1660.
Total: 2.253200 ms (FindLiveObjects: 0.168500 ms CreateObjectMapping: 0.077700 ms MarkObjects: 1.939900 ms  DeleteObjects: 0.066300 ms)

========================================================================
Received Prepare
Registering precompiled user dll's ...
Registered in 0.000630 seconds.
Begin MonoManager ReloadAssembly
Native extension for WindowsStandalone target not found
Refreshing native plugins compatible for Editor in 0.24 ms, found 0 plugins.
Preloading 0 native plugins for Editor in 0.00 ms.
Mono: successfully reloaded assembly
- Completed reload, in  1.025 seconds
Platform modules already initialized, skipping
Refreshing native plugins compatible for Editor in 0.24 ms, found 0 plugins.
Preloading 0 native plugins for Editor in 0.00 ms.
Unloading 1120 Unused Serialized files (Serialized files now loaded: 0)
System memory in use before: 61.0 MB.
System memory in use after: 61.1 MB.

Unloading 5 unused Assets to reduce memory usage. Loaded Objects now: 1663.
Total: 2.185200 ms (FindLiveObjects: 0.169200 ms CreateObjectMapping: 0.070400 ms MarkObjects: 1.856800 ms  DeleteObjects: 0.087600 ms)

========================================================================
Received Prepare
Registering precompiled user dll's ...
Registered in 0.000567 seconds.
Begin MonoManager ReloadAssembly
Native extension for WindowsStandalone target not found
Refreshing native plugins compatible for Editor in 0.30 ms, found 0 plugins.
Preloading 0 native plugins for Editor in 0.00 ms.
Mono: successfully reloaded assembly
- Completed reload, in  1.028 seconds
Platform modules already initialized, skipping
Refreshing native plugins compatible for Editor in 0.24 ms, found 0 plugins.
Preloading 0 native plugins for Editor in 0.00 ms.
Unloading 1120 Unused Serialized files (Serialized files now loaded: 0)
System memory in use before: 61.1 MB.
System memory in use after: 61.1 MB.

Unloading 5 unused Assets to reduce memory usage. Loaded Objects now: 1666.
Total: 2.425400 ms (FindLiveObjects: 0.213700 ms CreateObjectMapping: 0.195700 ms MarkObjects: 1.942500 ms  DeleteObjects: 0.072500 ms)

========================================================================
Received Prepare
Registering precompiled user dll's ...
Registered in 0.000626 seconds.
Begin MonoManager ReloadAssembly
Native extension for WindowsStandalone target not found
Refreshing native plugins compatible for Editor in 0.26 ms, found 0 plugins.
Preloading 0 native plugins for Editor in 0.00 ms.
Mono: successfully reloaded assembly
- Completed reload, in  1.104 seconds
Platform modules already initialized, skipping
Refreshing native plugins compatible for Editor in 0.30 ms, found 0 plugins.
Preloading 0 native plugins for Editor in 0.00 ms.
Unloading 1120 Unused Serialized files (Serialized files now loaded: 0)
System memory in use before: 61.1 MB.
System memory in use after: 61.1 MB.

Unloading 5 unused Assets to reduce memory usage. Loaded Objects now: 1669.
Total: 2.013000 ms (FindLiveObjects: 0.172800 ms CreateObjectMapping: 0.074800 ms MarkObjects: 1.702800 ms  DeleteObjects: 0.061300 ms)

========================================================================
Received Prepare
Registering precompiled user dll's ...
Registered in 0.000570 seconds.
Begin MonoManager ReloadAssembly
Native extension for WindowsStandalone target not found
Refreshing native plugins compatible for Editor in 0.24 ms, found 0 plugins.
Preloading 0 native plugins for Editor in 0.00 ms.
Mono: successfully reloaded assembly
- Completed reload, in  0.952 seconds
Platform modules already initialized, skipping
Refreshing native plugins compatible for Editor in 0.25 ms, found 0 plugins.
Preloading 0 native plugins for Editor in 0.00 ms.
Unloading 1120 Unused Serialized files (Serialized files now loaded: 0)
System memory in use before: 61.1 MB.
System memory in use after: 61.1 MB.

Unloading 5 unused Assets to reduce memory usage. Loaded Objects now: 1672.
Total: 2.102500 ms (FindLiveObjects: 0.169900 ms CreateObjectMapping: 0.074000 ms MarkObjects: 1.790800 ms  DeleteObjects: 0.066300 ms)

========================================================================
Received Prepare
Registering precompiled user dll's ...
Registered in 0.000572 seconds.
Begin MonoManager ReloadAssembly
Native extension for WindowsStandalone target not found
Refreshing native plugins compatible for Editor in 0.25 ms, found 0 plugins.
Preloading 0 native plugins for Editor in 0.00 ms.
Mono: successfully reloaded assembly
- Completed reload, in  0.966 seconds
Platform modules already initialized, skipping
Refreshing native plugins compatible for Editor in 0.24 ms, found 0 plugins.
Preloading 0 native plugins for Editor in 0.00 ms.
Unloading 1120 Unused Serialized files (Serialized files now loaded: 0)
System memory in use before: 61.1 MB.
System memory in use after: 61.1 MB.

Unloading 5 unused Assets to reduce memory usage. Loaded Objects now: 1675.
Total: 2.314600 ms (FindLiveObjects: 0.184600 ms CreateObjectMapping: 0.088800 ms MarkObjects: 1.970600 ms  DeleteObjects: 0.068700 ms)

========================================================================
Received Prepare
Registering precompiled user dll's ...
Registered in 0.000567 seconds.
Begin MonoManager ReloadAssembly
Native extension for WindowsStandalone target not found
Refreshing native plugins compatible for Editor in 0.25 ms, found 0 plugins.
Preloading 0 native plugins for Editor in 0.00 ms.
Mono: successfully reloaded assembly
- Completed reload, in  0.945 seconds
Platform modules already initialized, skipping
Refreshing native plugins compatible for Editor in 0.25 ms, found 0 plugins.
Preloading 0 native plugins for Editor in 0.00 ms.
Unloading 1121 Unused Serialized files (Serialized files now loaded: 0)
System memory in use before: 61.1 MB.
System memory in use after: 61.2 MB.

Unloading 5 unused Assets to reduce memory usage. Loaded Objects now: 1679.
Total: 2.234300 ms (FindLiveObjects: 0.182100 ms CreateObjectMapping: 0.079700 ms MarkObjects: 1.879700 ms  DeleteObjects: 0.091300 ms)

========================================================================
Received Prepare
Registering precompiled user dll's ...
Registered in 0.000558 seconds.
Begin MonoManager ReloadAssembly
Native extension for WindowsStandalone target not found
Refreshing native plugins compatible for Editor in 0.26 ms, found 0 plugins.
Preloading 0 native plugins for Editor in 0.00 ms.
Mono: successfully reloaded assembly
- Completed reload, in  1.360 seconds
Platform modules already initialized, skipping
Refreshing native plugins compatible for Editor in 0.25 ms, found 0 plugins.
Preloading 0 native plugins for Editor in 0.00 ms.
Unloading 1121 Unused Serialized files (Serialized files now loaded: 0)
System memory in use before: 61.1 MB.
System memory in use after: 61.2 MB.

Unloading 5 unused Assets to reduce memory usage. Loaded Objects now: 1682.
Total: 3.711900 ms (FindLiveObjects: 1.509700 ms CreateObjectMapping: 0.132000 ms MarkObjects: 1.997500 ms  DeleteObjects: 0.071100 ms)

========================================================================
Received Prepare
Registering precompiled user dll's ...
Registered in 0.000585 seconds.
Begin MonoManager ReloadAssembly
Native extension for WindowsStandalone target not found
Refreshing native plugins compatible for Editor in 0.25 ms, found 0 plugins.
Preloading 0 native plugins for Editor in 0.00 ms.
Mono: successfully reloaded assembly
- Completed reload, in  0.960 seconds
Platform modules already initialized, skipping
Refreshing native plugins compatible for Editor in 0.34 ms, found 0 plugins.
Preloading 0 native plugins for Editor in 0.00 ms.
Unloading 1121 Unused Serialized files (Serialized files now loaded: 0)
System memory in use before: 61.1 MB.
System memory in use after: 61.2 MB.

Unloading 5 unused Assets to reduce memory usage. Loaded Objects now: 1685.
Total: 3.004600 ms (FindLiveObjects: 0.199500 ms CreateObjectMapping: 0.087900 ms MarkObjects: 2.647300 ms  DeleteObjects: 0.067800 ms)

========================================================================
Received Prepare
Registering precompiled user dll's ...
Registered in 0.000557 seconds.
Begin MonoManager ReloadAssembly
Native extension for WindowsStandalone target not found
Refreshing native plugins compatible for Editor in 0.31 ms, found 0 plugins.
Preloading 0 native plugins for Editor in 0.00 ms.
Mono: successfully reloaded assembly
- Completed reload, in  1.099 seconds
Platform modules already initialized, skipping
Refreshing native plugins compatible for Editor in 0.24 ms, found 0 plugins.
Preloading 0 native plugins for Editor in 0.00 ms.
Unloading 1121 Unused Serialized files (Serialized files now loaded: 0)
System memory in use before: 61.1 MB.
System memory in use after: 61.2 MB.

Unloading 5 unused Assets to reduce memory usage. Loaded Objects now: 1688.
Total: 2.121400 ms (FindLiveObjects: 0.201100 ms CreateObjectMapping: 0.081500 ms MarkObjects: 1.767700 ms  DeleteObjects: 0.069800 ms)

AssetImportWorkerClient::OnTransportError - code=2 error=End of file
