Using pre-set license
Built from '2020.3/release' branch; Version is '2020.3.7f1 (dd97f2c94397) revision 14522354'; Using compiler version '192528614'; Build Type 'Release'
OS: 'Windows 10 Education; OS build 18363.719; Version 1909; 64bit' Language: 'en' Physical Memory: 8129 MB
BatchMode: 1, IsHumanControllingUs: 0, StartBugReporterOnCrash: 0, Is64bit: 1, IsPro: 0

 COMMAND LINE ARGUMENTS:
C:\Program Files\Unity\Hub\Editor\2020.3.7f1\Editor\Unity.exe
-adb2
-batchMode
-noUpm
-name
AssetImportWorker0
-projectPath
F:/TestUnity/TheSimsDemo
-logFile
Logs/AssetImportWorker0.log
-srvPort
54765
Successfully changed project path to: F:/TestUnity/TheSimsDemo
F:/TestUnity/TheSimsDemo
Using Asset Import Pipeline V2.
Refreshing native plugins compatible for Editor in 27.36 ms, found 0 plugins.
Preloading 0 native plugins for Editor in 0.00 ms.
Initialize engine version: 2020.3.7f1 (dd97f2c94397)
[Subsystems] Discovering subsystems at path C:/Program Files/Unity/Hub/Editor/2020.3.7f1/Editor/Data/Resources/UnitySubsystems
[Subsystems] Discovering subsystems at path F:/TestUnity/TheSimsDemo/Assets
GfxDevice: creating device client; threaded=0
Direct3D:
    Version:  Direct3D 11.0 [level 11.1]
    Renderer: NVIDIA GeForce GTX 960 (ID=0x1401)
    Vendor:   
    VRAM:     2007 MB
    Driver:   27.21.14.6089
Initialize mono
Mono path[0] = 'C:/Program Files/Unity/Hub/Editor/2020.3.7f1/Editor/Data/Managed'
Mono path[1] = 'C:/Program Files/Unity/Hub/Editor/2020.3.7f1/Editor/Data/MonoBleedingEdge/lib/mono/unityjit'
Mono config path = 'C:/Program Files/Unity/Hub/Editor/2020.3.7f1/Editor/Data/MonoBleedingEdge/etc'
Using monoOptions --debugger-agent=transport=dt_socket,embedding=1,server=y,suspend=n,address=127.0.0.1:56204
Begin MonoManager ReloadAssembly
Registering precompiled unity dll's ...
Register platform support module: C:/Program Files/Unity/Hub/Editor/2020.3.7f1/Editor/Data/PlaybackEngines/WindowsStandaloneSupport/UnityEditor.WindowsStandalone.Extensions.dll
Registered in 0.003508 seconds.
Native extension for WindowsStandalone target not found
Refreshing native plugins compatible for Editor in 27.52 ms, found 0 plugins.
Preloading 0 native plugins for Editor in 0.00 ms.
Mono: successfully reloaded assembly
- Completed reload, in  1.916 seconds
Platform modules already initialized, skipping
Registering precompiled user dll's ...
Registered in 0.000626 seconds.
Begin MonoManager ReloadAssembly
Native extension for WindowsStandalone target not found
Refreshing native plugins compatible for Editor in 0.23 ms, found 0 plugins.
Preloading 0 native plugins for Editor in 0.00 ms.
Mono: successfully reloaded assembly
- Completed reload, in  1.055 seconds
Platform modules already initialized, skipping
========================================================================
Worker process is ready to serve import requests
Launched and connected shader compiler UnityShaderCompiler.exe after 0.15 seconds
Refreshing native plugins compatible for Editor in 0.24 ms, found 0 plugins.
Preloading 0 native plugins for Editor in 0.00 ms.
Unloading 1124 Unused Serialized files (Serialized files now loaded: 0)
System memory in use before: 57.6 MB.
System memory in use after: 57.7 MB.

Unloading 10 unused Assets to reduce memory usage. Loaded Objects now: 1568.
Total: 2.206900 ms (FindLiveObjects: 0.183200 ms CreateObjectMapping: 0.095800 ms MarkObjects: 1.834400 ms  DeleteObjects: 0.092200 ms)

========================================================================
Received Import Request.
  path: Assets/Prefabs/Door/Door Preview.prefab
  artifactKey: Guid(254c0b3b921a1414f957b14c4db352a7) Importer(815301076,1909f56bfc062723c751e8b465ee728b)
Start importing Assets/Prefabs/Door/Door Preview.prefab using Guid(254c0b3b921a1414f957b14c4db352a7) Importer(815301076,1909f56bfc062723c751e8b465ee728b)  -> (artifact id: '3bc9845e25dfb873185c704cd707c051') in 0.457999 seconds
  Import took 0.461773 seconds .

========================================================================
Received Import Request.
  Time since last request: 0.000446 seconds.
  path: Assets/Prefabs/Door/Door.prefab
  artifactKey: Guid(aebbac60d619a0e4485a999bbdb44ac7) Importer(815301076,1909f56bfc062723c751e8b465ee728b)
Start importing Assets/Prefabs/Door/Door.prefab using Guid(aebbac60d619a0e4485a999bbdb44ac7) Importer(815301076,1909f56bfc062723c751e8b465ee728b)  -> (artifact id: 'db96615eb10d0210a30992d4845690d9') in 0.028323 seconds
  Import took 0.032732 seconds .

========================================================================
Received Import Request.
  Time since last request: 0.696353 seconds.
  path: Assets/Prefabs/Door/Door.prefab
  artifactKey: Guid(aebbac60d619a0e4485a999bbdb44ac7) Importer(815301076,1909f56bfc062723c751e8b465ee728b)
Start importing Assets/Prefabs/Door/Door.prefab using Guid(aebbac60d619a0e4485a999bbdb44ac7) Importer(815301076,1909f56bfc062723c751e8b465ee728b)  -> (artifact id: 'db96615eb10d0210a30992d4845690d9') in 0.011454 seconds
  Import took 0.014529 seconds .

========================================================================
Received Import Request.
  Time since last request: 0.206611 seconds.
  path: Assets/Prefabs/Door/Door.prefab
  artifactKey: Guid(aebbac60d619a0e4485a999bbdb44ac7) Importer(815301076,1909f56bfc062723c751e8b465ee728b)
Start importing Assets/Prefabs/Door/Door.prefab using Guid(aebbac60d619a0e4485a999bbdb44ac7) Importer(815301076,1909f56bfc062723c751e8b465ee728b)  -> (artifact id: 'd2b5b0948b387e8072ad66aa8bba8485') in 0.016388 seconds
  Import took 0.020090 seconds .

========================================================================
Received Import Request.
  Time since last request: 0.001628 seconds.
  path: Assets/Prefabs/Door/Door.prefab
  artifactKey: Guid(aebbac60d619a0e4485a999bbdb44ac7) Importer(815301076,1909f56bfc062723c751e8b465ee728b)
Start importing Assets/Prefabs/Door/Door.prefab using Guid(aebbac60d619a0e4485a999bbdb44ac7) Importer(815301076,1909f56bfc062723c751e8b465ee728b)  -> (artifact id: 'd2b5b0948b387e8072ad66aa8bba8485') in 0.009530 seconds
  Import took 0.014227 seconds .

========================================================================
Received Import Request.
  Time since last request: 1.338275 seconds.
  path: Assets/Prefabs/Floor/Floor.prefab
  artifactKey: Guid(89009ad662f755e4fa9c71dacd0a8251) Importer(815301076,1909f56bfc062723c751e8b465ee728b)
Start importing Assets/Prefabs/Floor/Floor.prefab using Guid(89009ad662f755e4fa9c71dacd0a8251) Importer(815301076,1909f56bfc062723c751e8b465ee728b)  -> (artifact id: '5f3f44a0b1dfaec5b6e7f7c8c05be5a2') in 0.017874 seconds
  Import took 0.021997 seconds .

========================================================================
Received Import Request.
  Time since last request: 0.000246 seconds.
  path: Assets/Prefabs/Floor/Floor_Preview.prefab
  artifactKey: Guid(50b86a1a937e00541a2e85c4d4704e1f) Importer(815301076,1909f56bfc062723c751e8b465ee728b)
Start importing Assets/Prefabs/Floor/Floor_Preview.prefab using Guid(50b86a1a937e00541a2e85c4d4704e1f) Importer(815301076,1909f56bfc062723c751e8b465ee728b)  -> (artifact id: 'd58ded4e92423d130f8b2f00cf10e72c') in 0.024089 seconds
  Import took 0.026808 seconds .

========================================================================
Received Import Request.
  Time since last request: 5.124811 seconds.
  path: Assets/Prefabs/Furniture/Sofa.prefab
  artifactKey: Guid(52e3fd56db1356248824b36ddd53f041) Importer(815301076,1909f56bfc062723c751e8b465ee728b)
Start importing Assets/Prefabs/Furniture/Sofa.prefab using Guid(52e3fd56db1356248824b36ddd53f041) Importer(815301076,1909f56bfc062723c751e8b465ee728b)  -> (artifact id: '33888bd9918a5698e585ea0b87c27308') in 0.016205 seconds
  Import took 0.019506 seconds .

========================================================================
Received Import Request.
  Time since last request: 4.199080 seconds.
  path: Assets/Prefabs/Furniture/Sofa.prefab
  artifactKey: Guid(52e3fd56db1356248824b36ddd53f041) Importer(815301076,1909f56bfc062723c751e8b465ee728b)
Start importing Assets/Prefabs/Furniture/Sofa.prefab using Guid(52e3fd56db1356248824b36ddd53f041) Importer(815301076,1909f56bfc062723c751e8b465ee728b)  -> (artifact id: '3d6199ad7dda638afe509fd82e81825b') in 0.010942 seconds
  Import took 0.013681 seconds .

========================================================================
Received Import Request.
  Time since last request: 0.009066 seconds.
  path: Assets/Prefabs/Furniture/Sofa.prefab
  artifactKey: Guid(52e3fd56db1356248824b36ddd53f041) Importer(815301076,1909f56bfc062723c751e8b465ee728b)
Start importing Assets/Prefabs/Furniture/Sofa.prefab using Guid(52e3fd56db1356248824b36ddd53f041) Importer(815301076,1909f56bfc062723c751e8b465ee728b)  -> (artifact id: '3d6199ad7dda638afe509fd82e81825b') in 0.027493 seconds
  Import took 0.032377 seconds .

========================================================================
Received Import Request.
  Time since last request: 2.028237 seconds.
  path: Assets/Prefabs/Wall/Wall.prefab
  artifactKey: Guid(48b9079e49ec46d45b350683645da98f) Importer(815301076,1909f56bfc062723c751e8b465ee728b)
Start importing Assets/Prefabs/Wall/Wall.prefab using Guid(48b9079e49ec46d45b350683645da98f) Importer(815301076,1909f56bfc062723c751e8b465ee728b)  -> (artifact id: 'c90ef6c445aa48f63fa693b6e8bfb211') in 0.024170 seconds
  Import took 0.027675 seconds .

========================================================================
Received Import Request.
  Time since last request: 0.000191 seconds.
  path: Assets/Prefabs/Wall/Wall_Preview.prefab
  artifactKey: Guid(0446bb0bbbf91154d94ebf3de5729428) Importer(815301076,1909f56bfc062723c751e8b465ee728b)
Start importing Assets/Prefabs/Wall/Wall_Preview.prefab using Guid(0446bb0bbbf91154d94ebf3de5729428) Importer(815301076,1909f56bfc062723c751e8b465ee728b)  -> (artifact id: '22bf2ad641f6b47d68e8cd7090739b82') in 0.015811 seconds
  Import took 0.018949 seconds .

========================================================================
Received Import Request.
  Time since last request: 4.451586 seconds.
  path: Assets/Prefabs/Wall/Wall.prefab
  artifactKey: Guid(48b9079e49ec46d45b350683645da98f) Importer(815301076,1909f56bfc062723c751e8b465ee728b)
Start importing Assets/Prefabs/Wall/Wall.prefab using Guid(48b9079e49ec46d45b350683645da98f) Importer(815301076,1909f56bfc062723c751e8b465ee728b)  -> (artifact id: 'c393dc213680f6bb8fef4102e31a8777') in 0.011050 seconds
  Import took 0.014552 seconds .

========================================================================
Received Import Request.
  Time since last request: 0.013146 seconds.
  path: Assets/Prefabs/Wall/Wall.prefab
  artifactKey: Guid(48b9079e49ec46d45b350683645da98f) Importer(815301076,1909f56bfc062723c751e8b465ee728b)
Start importing Assets/Prefabs/Wall/Wall.prefab using Guid(48b9079e49ec46d45b350683645da98f) Importer(815301076,1909f56bfc062723c751e8b465ee728b)  -> (artifact id: 'c393dc213680f6bb8fef4102e31a8777') in 0.010455 seconds
  Import took 0.013800 seconds .

========================================================================
Received Prepare
Registering precompiled user dll's ...
Registered in 0.000606 seconds.
Begin MonoManager ReloadAssembly
Native extension for WindowsStandalone target not found
Refreshing native plugins compatible for Editor in 0.24 ms, found 0 plugins.
Preloading 0 native plugins for Editor in 0.00 ms.
Mono: successfully reloaded assembly
- Completed reload, in  1.041 seconds
Platform modules already initialized, skipping
Refreshing native plugins compatible for Editor in 0.30 ms, found 0 plugins.
Preloading 0 native plugins for Editor in 0.00 ms.
Unloading 1119 Unused Serialized files (Serialized files now loaded: 0)
System memory in use before: 60.7 MB.
System memory in use after: 60.8 MB.

Unloading 6 unused Assets to reduce memory usage. Loaded Objects now: 1579.
Total: 2.839200 ms (FindLiveObjects: 0.203200 ms CreateObjectMapping: 0.135500 ms MarkObjects: 2.431500 ms  DeleteObjects: 0.067700 ms)

========================================================================
Received Prepare
Registering precompiled user dll's ...
Registered in 0.000567 seconds.
Begin MonoManager ReloadAssembly
Native extension for WindowsStandalone target not found
Refreshing native plugins compatible for Editor in 0.24 ms, found 0 plugins.
Preloading 0 native plugins for Editor in 0.00 ms.
Mono: successfully reloaded assembly
- Completed reload, in  0.956 seconds
Platform modules already initialized, skipping
Refreshing native plugins compatible for Editor in 0.27 ms, found 0 plugins.
Preloading 0 native plugins for Editor in 0.00 ms.
Unloading 1119 Unused Serialized files (Serialized files now loaded: 0)
System memory in use before: 60.7 MB.
System memory in use after: 60.8 MB.

Unloading 5 unused Assets to reduce memory usage. Loaded Objects now: 1582.
Total: 1.971800 ms (FindLiveObjects: 0.238800 ms CreateObjectMapping: 0.052200 ms MarkObjects: 1.592300 ms  DeleteObjects: 0.087100 ms)

========================================================================
Received Prepare
Registering precompiled user dll's ...
Registered in 0.000594 seconds.
Begin MonoManager ReloadAssembly
Native extension for WindowsStandalone target not found
Refreshing native plugins compatible for Editor in 0.28 ms, found 0 plugins.
Preloading 0 native plugins for Editor in 0.00 ms.
Mono: successfully reloaded assembly
- Completed reload, in  1.033 seconds
Platform modules already initialized, skipping
Refreshing native plugins compatible for Editor in 0.26 ms, found 0 plugins.
Preloading 0 native plugins for Editor in 0.00 ms.
Unloading 1119 Unused Serialized files (Serialized files now loaded: 0)
System memory in use before: 60.7 MB.
System memory in use after: 60.8 MB.

Unloading 5 unused Assets to reduce memory usage. Loaded Objects now: 1585.
Total: 3.441500 ms (FindLiveObjects: 0.499400 ms CreateObjectMapping: 0.055100 ms MarkObjects: 2.794500 ms  DeleteObjects: 0.090000 ms)

========================================================================
Received Prepare
Registering precompiled user dll's ...
Registered in 0.000514 seconds.
Begin MonoManager ReloadAssembly
Native extension for WindowsStandalone target not found
Refreshing native plugins compatible for Editor in 0.32 ms, found 0 plugins.
Preloading 0 native plugins for Editor in 0.00 ms.
Mono: successfully reloaded assembly
- Completed reload, in  0.951 seconds
Platform modules already initialized, skipping
Refreshing native plugins compatible for Editor in 0.25 ms, found 0 plugins.
Preloading 0 native plugins for Editor in 0.00 ms.
Unloading 1119 Unused Serialized files (Serialized files now loaded: 0)
System memory in use before: 60.8 MB.
System memory in use after: 60.8 MB.

Unloading 5 unused Assets to reduce memory usage. Loaded Objects now: 1588.
Total: 2.137000 ms (FindLiveObjects: 0.168800 ms CreateObjectMapping: 0.077100 ms MarkObjects: 1.798300 ms  DeleteObjects: 0.091100 ms)

========================================================================
Received Prepare
Registering precompiled user dll's ...
Registered in 0.000564 seconds.
Begin MonoManager ReloadAssembly
Native extension for WindowsStandalone target not found
Refreshing native plugins compatible for Editor in 0.34 ms, found 0 plugins.
Preloading 0 native plugins for Editor in 0.00 ms.
Mono: successfully reloaded assembly
- Completed reload, in  1.173 seconds
Platform modules already initialized, skipping
Refreshing native plugins compatible for Editor in 0.26 ms, found 0 plugins.
Preloading 0 native plugins for Editor in 0.00 ms.
Unloading 1119 Unused Serialized files (Serialized files now loaded: 0)
System memory in use before: 60.8 MB.
System memory in use after: 60.8 MB.

Unloading 5 unused Assets to reduce memory usage. Loaded Objects now: 1591.
Total: 2.198300 ms (FindLiveObjects: 0.256800 ms CreateObjectMapping: 0.084400 ms MarkObjects: 1.767200 ms  DeleteObjects: 0.088200 ms)

========================================================================
Received Prepare
Registering precompiled user dll's ...
Registered in 0.002232 seconds.
Begin MonoManager ReloadAssembly
Native extension for WindowsStandalone target not found
Refreshing native plugins compatible for Editor in 0.25 ms, found 0 plugins.
Preloading 0 native plugins for Editor in 0.00 ms.
Mono: successfully reloaded assembly
- Completed reload, in  3.699 seconds
Platform modules already initialized, skipping
Refreshing native plugins compatible for Editor in 0.24 ms, found 0 plugins.
Preloading 0 native plugins for Editor in 0.00 ms.
Unloading 1119 Unused Serialized files (Serialized files now loaded: 0)
System memory in use before: 60.8 MB.
System memory in use after: 60.8 MB.

Unloading 5 unused Assets to reduce memory usage. Loaded Objects now: 1594.
Total: 2.063100 ms (FindLiveObjects: 0.142900 ms CreateObjectMapping: 0.047800 ms MarkObjects: 1.807300 ms  DeleteObjects: 0.063500 ms)

========================================================================
Received Prepare
Registering precompiled user dll's ...
Registered in 0.000556 seconds.
Begin MonoManager ReloadAssembly
Native extension for WindowsStandalone target not found
Refreshing native plugins compatible for Editor in 0.24 ms, found 0 plugins.
Preloading 0 native plugins for Editor in 0.00 ms.
Mono: successfully reloaded assembly
- Completed reload, in  0.925 seconds
Platform modules already initialized, skipping
Refreshing native plugins compatible for Editor in 0.23 ms, found 0 plugins.
Preloading 0 native plugins for Editor in 0.00 ms.
Unloading 1119 Unused Serialized files (Serialized files now loaded: 0)
System memory in use before: 60.8 MB.
System memory in use after: 60.8 MB.

Unloading 5 unused Assets to reduce memory usage. Loaded Objects now: 1597.
Total: 1.897100 ms (FindLiveObjects: 0.150000 ms CreateObjectMapping: 0.041400 ms MarkObjects: 1.634000 ms  DeleteObjects: 0.070400 ms)

========================================================================
Received Prepare
Registering precompiled user dll's ...
Registered in 0.000573 seconds.
Begin MonoManager ReloadAssembly
Native extension for WindowsStandalone target not found
Refreshing native plugins compatible for Editor in 0.23 ms, found 0 plugins.
Preloading 0 native plugins for Editor in 0.00 ms.
Mono: successfully reloaded assembly
- Completed reload, in  0.938 seconds
Platform modules already initialized, skipping
Refreshing native plugins compatible for Editor in 0.23 ms, found 0 plugins.
Preloading 0 native plugins for Editor in 0.00 ms.
Unloading 1119 Unused Serialized files (Serialized files now loaded: 0)
System memory in use before: 60.8 MB.
System memory in use after: 60.8 MB.

Unloading 5 unused Assets to reduce memory usage. Loaded Objects now: 1600.
Total: 2.931500 ms (FindLiveObjects: 0.130900 ms CreateObjectMapping: 0.041700 ms MarkObjects: 2.578500 ms  DeleteObjects: 0.178000 ms)

========================================================================
Received Prepare
Registering precompiled user dll's ...
Registered in 0.000754 seconds.
Begin MonoManager ReloadAssembly
Native extension for WindowsStandalone target not found
Refreshing native plugins compatible for Editor in 0.24 ms, found 0 plugins.
Preloading 0 native plugins for Editor in 0.00 ms.
Mono: successfully reloaded assembly
- Completed reload, in  1.075 seconds
Platform modules already initialized, skipping
Refreshing native plugins compatible for Editor in 0.24 ms, found 0 plugins.
Preloading 0 native plugins for Editor in 0.00 ms.
Unloading 1119 Unused Serialized files (Serialized files now loaded: 0)
System memory in use before: 60.8 MB.
System memory in use after: 60.9 MB.

Unloading 5 unused Assets to reduce memory usage. Loaded Objects now: 1603.
Total: 2.117000 ms (FindLiveObjects: 0.173100 ms CreateObjectMapping: 0.079300 ms MarkObjects: 1.791700 ms  DeleteObjects: 0.071500 ms)

========================================================================
Received Prepare
Registering precompiled user dll's ...
Registered in 0.000553 seconds.
Begin MonoManager ReloadAssembly
Native extension for WindowsStandalone target not found
Refreshing native plugins compatible for Editor in 0.29 ms, found 0 plugins.
Preloading 0 native plugins for Editor in 0.00 ms.
Mono: successfully reloaded assembly
- Completed reload, in  1.379 seconds
Platform modules already initialized, skipping
Refreshing native plugins compatible for Editor in 0.41 ms, found 0 plugins.
Preloading 0 native plugins for Editor in 0.00 ms.
Unloading 1119 Unused Serialized files (Serialized files now loaded: 0)
System memory in use before: 60.8 MB.
System memory in use after: 60.9 MB.

Unloading 5 unused Assets to reduce memory usage. Loaded Objects now: 1606.
Total: 1.838200 ms (FindLiveObjects: 0.154800 ms CreateObjectMapping: 0.070500 ms MarkObjects: 1.554600 ms  DeleteObjects: 0.057200 ms)

========================================================================
Received Prepare
Registering precompiled user dll's ...
Registered in 0.000583 seconds.
Begin MonoManager ReloadAssembly
Native extension for WindowsStandalone target not found
Refreshing native plugins compatible for Editor in 0.24 ms, found 0 plugins.
Preloading 0 native plugins for Editor in 0.00 ms.
Mono: successfully reloaded assembly
- Completed reload, in  0.966 seconds
Platform modules already initialized, skipping
Refreshing native plugins compatible for Editor in 0.23 ms, found 0 plugins.
Preloading 0 native plugins for Editor in 0.00 ms.
Unloading 1119 Unused Serialized files (Serialized files now loaded: 0)
System memory in use before: 60.8 MB.
System memory in use after: 60.9 MB.

Unloading 5 unused Assets to reduce memory usage. Loaded Objects now: 1609.
Total: 2.520700 ms (FindLiveObjects: 0.214500 ms CreateObjectMapping: 0.125700 ms MarkObjects: 2.071200 ms  DeleteObjects: 0.107500 ms)

========================================================================
Received Prepare
Registering precompiled user dll's ...
Registered in 0.000636 seconds.
Begin MonoManager ReloadAssembly
Native extension for WindowsStandalone target not found
Refreshing native plugins compatible for Editor in 0.24 ms, found 0 plugins.
Preloading 0 native plugins for Editor in 0.00 ms.
Mono: successfully reloaded assembly
- Completed reload, in  1.139 seconds
Platform modules already initialized, skipping
Refreshing native plugins compatible for Editor in 0.24 ms, found 0 plugins.
Preloading 0 native plugins for Editor in 0.00 ms.
Unloading 1119 Unused Serialized files (Serialized files now loaded: 0)
System memory in use before: 60.8 MB.
System memory in use after: 60.9 MB.

Unloading 5 unused Assets to reduce memory usage. Loaded Objects now: 1612.
Total: 2.035900 ms (FindLiveObjects: 0.228600 ms CreateObjectMapping: 0.041000 ms MarkObjects: 1.671700 ms  DeleteObjects: 0.093100 ms)

========================================================================
Received Prepare
Registering precompiled user dll's ...
Registered in 0.000702 seconds.
Begin MonoManager ReloadAssembly
Native extension for WindowsStandalone target not found
Refreshing native plugins compatible for Editor in 0.56 ms, found 0 plugins.
Preloading 0 native plugins for Editor in 0.00 ms.
Mono: successfully reloaded assembly
- Completed reload, in  1.006 seconds
Platform modules already initialized, skipping
Refreshing native plugins compatible for Editor in 0.24 ms, found 0 plugins.
Preloading 0 native plugins for Editor in 0.00 ms.
Unloading 1119 Unused Serialized files (Serialized files now loaded: 0)
System memory in use before: 60.8 MB.
System memory in use after: 60.9 MB.

Unloading 5 unused Assets to reduce memory usage. Loaded Objects now: 1615.
Total: 2.912400 ms (FindLiveObjects: 0.228700 ms CreateObjectMapping: 0.042200 ms MarkObjects: 2.565900 ms  DeleteObjects: 0.074100 ms)

========================================================================
Received Prepare
Registering precompiled user dll's ...
Registered in 0.000580 seconds.
Begin MonoManager ReloadAssembly
Native extension for WindowsStandalone target not found
Refreshing native plugins compatible for Editor in 0.23 ms, found 0 plugins.
Preloading 0 native plugins for Editor in 0.00 ms.
Mono: successfully reloaded assembly
- Completed reload, in  1.179 seconds
Platform modules already initialized, skipping
Refreshing native plugins compatible for Editor in 0.25 ms, found 0 plugins.
Preloading 0 native plugins for Editor in 0.00 ms.
Unloading 1119 Unused Serialized files (Serialized files now loaded: 0)
System memory in use before: 60.8 MB.
System memory in use after: 60.9 MB.

Unloading 5 unused Assets to reduce memory usage. Loaded Objects now: 1618.
Total: 2.155600 ms (FindLiveObjects: 0.163300 ms CreateObjectMapping: 0.072800 ms MarkObjects: 1.845100 ms  DeleteObjects: 0.072700 ms)

========================================================================
Received Import Request.
  Time since last request: 1493.164874 seconds.
  path: Assets/Prefabs/Door/Door Preview.prefab
  artifactKey: Guid(254c0b3b921a1414f957b14c4db352a7) Importer(815301076,1909f56bfc062723c751e8b465ee728b)
Start importing Assets/Prefabs/Door/Door Preview.prefab using Guid(254c0b3b921a1414f957b14c4db352a7) Importer(815301076,1909f56bfc062723c751e8b465ee728b)  -> (artifact id: 'b16b372926340e724b12a61698fd38e8') in 0.088011 seconds
  Import took 0.091878 seconds .

========================================================================
Received Import Request.
  Time since last request: 8.904011 seconds.
  path: Assets/Prefabs/Wall/Wall_Preview.prefab
  artifactKey: Guid(0446bb0bbbf91154d94ebf3de5729428) Importer(815301076,1909f56bfc062723c751e8b465ee728b)
Start importing Assets/Prefabs/Wall/Wall_Preview.prefab using Guid(0446bb0bbbf91154d94ebf3de5729428) Importer(815301076,1909f56bfc062723c751e8b465ee728b)  -> (artifact id: '8c2481feac3151b9d32a087722e369e1') in 0.009132 seconds
  Import took 0.011997 seconds .

========================================================================
Received Prepare
Registering precompiled user dll's ...
Registered in 0.000569 seconds.
Begin MonoManager ReloadAssembly
Native extension for WindowsStandalone target not found
Refreshing native plugins compatible for Editor in 0.24 ms, found 0 plugins.
Preloading 0 native plugins for Editor in 0.00 ms.
Mono: successfully reloaded assembly
- Completed reload, in  1.014 seconds
Platform modules already initialized, skipping
Refreshing native plugins compatible for Editor in 0.83 ms, found 0 plugins.
Preloading 0 native plugins for Editor in 0.00 ms.
Unloading 1119 Unused Serialized files (Serialized files now loaded: 0)
System memory in use before: 60.8 MB.
System memory in use after: 60.9 MB.

Unloading 5 unused Assets to reduce memory usage. Loaded Objects now: 1622.
Total: 2.322500 ms (FindLiveObjects: 0.177200 ms CreateObjectMapping: 0.082600 ms MarkObjects: 1.982800 ms  DeleteObjects: 0.078800 ms)

========================================================================
Received Import Request.
  Time since last request: 32.976468 seconds.
  path: Assets/Prefabs/Wall/Wall_Preview.prefab
  artifactKey: Guid(0446bb0bbbf91154d94ebf3de5729428) Importer(815301076,1909f56bfc062723c751e8b465ee728b)
Start importing Assets/Prefabs/Wall/Wall_Preview.prefab using Guid(0446bb0bbbf91154d94ebf3de5729428) Importer(815301076,1909f56bfc062723c751e8b465ee728b)  -> (artifact id: '823a13edd6406270826787fef60d80ea') in 0.089157 seconds
  Import took 0.091829 seconds .

========================================================================
Received Import Request.
  Time since last request: 1.329684 seconds.
  path: Assets/Prefabs/Wall/Wall_Preview.prefab
  artifactKey: Guid(0446bb0bbbf91154d94ebf3de5729428) Importer(815301076,1909f56bfc062723c751e8b465ee728b)
Start importing Assets/Prefabs/Wall/Wall_Preview.prefab using Guid(0446bb0bbbf91154d94ebf3de5729428) Importer(815301076,1909f56bfc062723c751e8b465ee728b)  -> (artifact id: '823a13edd6406270826787fef60d80ea') in 0.017888 seconds
  Import took 0.021575 seconds .

========================================================================
Received Prepare
Registering precompiled user dll's ...
Registered in 0.001440 seconds.
Begin MonoManager ReloadAssembly
Native extension for WindowsStandalone target not found
Refreshing native plugins compatible for Editor in 0.24 ms, found 0 plugins.
Preloading 0 native plugins for Editor in 0.00 ms.
Mono: successfully reloaded assembly
- Completed reload, in  0.934 seconds
Platform modules already initialized, skipping
Refreshing native plugins compatible for Editor in 0.23 ms, found 0 plugins.
Preloading 0 native plugins for Editor in 0.00 ms.
Unloading 1119 Unused Serialized files (Serialized files now loaded: 0)
System memory in use before: 60.8 MB.
System memory in use after: 60.9 MB.

Unloading 5 unused Assets to reduce memory usage. Loaded Objects now: 1626.
Total: 1.869700 ms (FindLiveObjects: 0.128400 ms CreateObjectMapping: 0.042100 ms MarkObjects: 1.633200 ms  DeleteObjects: 0.064800 ms)

========================================================================
Received Prepare
Registering precompiled user dll's ...
Registered in 0.000554 seconds.
Begin MonoManager ReloadAssembly
Native extension for WindowsStandalone target not found
Refreshing native plugins compatible for Editor in 0.23 ms, found 0 plugins.
Preloading 0 native plugins for Editor in 0.00 ms.
Mono: successfully reloaded assembly
- Completed reload, in  0.973 seconds
Platform modules already initialized, skipping
Refreshing native plugins compatible for Editor in 0.26 ms, found 0 plugins.
Preloading 0 native plugins for Editor in 0.00 ms.
Unloading 1119 Unused Serialized files (Serialized files now loaded: 0)
System memory in use before: 60.8 MB.
System memory in use after: 60.9 MB.

Unloading 5 unused Assets to reduce memory usage. Loaded Objects now: 1629.
Total: 1.824700 ms (FindLiveObjects: 0.190300 ms CreateObjectMapping: 0.041200 ms MarkObjects: 1.506000 ms  DeleteObjects: 0.085700 ms)

========================================================================
Received Prepare
Registering precompiled user dll's ...
Registered in 0.000859 seconds.
Begin MonoManager ReloadAssembly
Native extension for WindowsStandalone target not found
Refreshing native plugins compatible for Editor in 0.34 ms, found 0 plugins.
Preloading 0 native plugins for Editor in 0.00 ms.
Mono: successfully reloaded assembly
- Completed reload, in  1.274 seconds
Platform modules already initialized, skipping
Refreshing native plugins compatible for Editor in 0.23 ms, found 0 plugins.
Preloading 0 native plugins for Editor in 0.00 ms.
Unloading 1119 Unused Serialized files (Serialized files now loaded: 0)
System memory in use before: 60.8 MB.
System memory in use after: 60.9 MB.

Unloading 5 unused Assets to reduce memory usage. Loaded Objects now: 1632.
Total: 2.011900 ms (FindLiveObjects: 0.277700 ms CreateObjectMapping: 0.045900 ms MarkObjects: 1.599400 ms  DeleteObjects: 0.086700 ms)

========================================================================
Received Prepare
Registering precompiled user dll's ...
Registered in 0.000579 seconds.
Begin MonoManager ReloadAssembly
Native extension for WindowsStandalone target not found
Refreshing native plugins compatible for Editor in 0.24 ms, found 0 plugins.
Preloading 0 native plugins for Editor in 0.00 ms.
Mono: successfully reloaded assembly
- Completed reload, in  0.977 seconds
Platform modules already initialized, skipping
Refreshing native plugins compatible for Editor in 0.25 ms, found 0 plugins.
Preloading 0 native plugins for Editor in 0.00 ms.
Unloading 1119 Unused Serialized files (Serialized files now loaded: 0)
System memory in use before: 60.9 MB.
System memory in use after: 60.9 MB.

Unloading 5 unused Assets to reduce memory usage. Loaded Objects now: 1635.
Total: 2.281700 ms (FindLiveObjects: 0.135200 ms CreateObjectMapping: 0.042600 ms MarkObjects: 2.000800 ms  DeleteObjects: 0.101400 ms)

========================================================================
Received Prepare
Registering precompiled user dll's ...
Registered in 0.000674 seconds.
Begin MonoManager ReloadAssembly
Native extension for WindowsStandalone target not found
Refreshing native plugins compatible for Editor in 0.24 ms, found 0 plugins.
Preloading 0 native plugins for Editor in 0.00 ms.
Mono: successfully reloaded assembly
- Completed reload, in  1.077 seconds
Platform modules already initialized, skipping
Refreshing native plugins compatible for Editor in 0.23 ms, found 0 plugins.
Preloading 0 native plugins for Editor in 0.00 ms.
Unloading 1119 Unused Serialized files (Serialized files now loaded: 0)
System memory in use before: 60.9 MB.
System memory in use after: 60.9 MB.

Unloading 5 unused Assets to reduce memory usage. Loaded Objects now: 1638.
Total: 1.879500 ms (FindLiveObjects: 0.137800 ms CreateObjectMapping: 0.041100 ms MarkObjects: 1.554300 ms  DeleteObjects: 0.145100 ms)

========================================================================
Received Prepare
Registering precompiled user dll's ...
Registered in 0.000836 seconds.
Begin MonoManager ReloadAssembly
Native extension for WindowsStandalone target not found
Refreshing native plugins compatible for Editor in 0.25 ms, found 0 plugins.
Preloading 0 native plugins for Editor in 0.00 ms.
Mono: successfully reloaded assembly
- Completed reload, in  0.938 seconds
Platform modules already initialized, skipping
Refreshing native plugins compatible for Editor in 0.24 ms, found 0 plugins.
Preloading 0 native plugins for Editor in 0.00 ms.
Unloading 1119 Unused Serialized files (Serialized files now loaded: 0)
System memory in use before: 60.9 MB.
System memory in use after: 60.9 MB.

Unloading 5 unused Assets to reduce memory usage. Loaded Objects now: 1641.
Total: 2.437700 ms (FindLiveObjects: 0.209200 ms CreateObjectMapping: 0.087800 ms MarkObjects: 2.074400 ms  DeleteObjects: 0.064800 ms)

========================================================================
Received Prepare
Registering precompiled user dll's ...
Registered in 0.000565 seconds.
Begin MonoManager ReloadAssembly
Native extension for WindowsStandalone target not found
Refreshing native plugins compatible for Editor in 0.32 ms, found 0 plugins.
Preloading 0 native plugins for Editor in 0.00 ms.
Mono: successfully reloaded assembly
- Completed reload, in  1.086 seconds
Platform modules already initialized, skipping
Refreshing native plugins compatible for Editor in 0.31 ms, found 0 plugins.
Preloading 0 native plugins for Editor in 0.00 ms.
Unloading 1119 Unused Serialized files (Serialized files now loaded: 0)
System memory in use before: 60.9 MB.
System memory in use after: 60.9 MB.

Unloading 5 unused Assets to reduce memory usage. Loaded Objects now: 1644.
Total: 2.276900 ms (FindLiveObjects: 0.177200 ms CreateObjectMapping: 0.080800 ms MarkObjects: 1.944700 ms  DeleteObjects: 0.072700 ms)

========================================================================
Received Prepare
Registering precompiled user dll's ...
Registered in 0.000558 seconds.
Begin MonoManager ReloadAssembly
Native extension for WindowsStandalone target not found
Refreshing native plugins compatible for Editor in 0.23 ms, found 0 plugins.
Preloading 0 native plugins for Editor in 0.00 ms.
Mono: successfully reloaded assembly
- Completed reload, in  0.960 seconds
Platform modules already initialized, skipping
Refreshing native plugins compatible for Editor in 0.23 ms, found 0 plugins.
Preloading 0 native plugins for Editor in 0.00 ms.
Unloading 1119 Unused Serialized files (Serialized files now loaded: 0)
System memory in use before: 60.9 MB.
System memory in use after: 60.9 MB.

Unloading 5 unused Assets to reduce memory usage. Loaded Objects now: 1647.
Total: 1.907200 ms (FindLiveObjects: 0.143200 ms CreateObjectMapping: 0.043500 ms MarkObjects: 1.635700 ms  DeleteObjects: 0.083200 ms)

========================================================================
Received Prepare
Registering precompiled user dll's ...
Registered in 0.000738 seconds.
Begin MonoManager ReloadAssembly
Native extension for WindowsStandalone target not found
Refreshing native plugins compatible for Editor in 0.33 ms, found 0 plugins.
Preloading 0 native plugins for Editor in 0.00 ms.
Mono: successfully reloaded assembly
- Completed reload, in  0.949 seconds
Platform modules already initialized, skipping
Refreshing native plugins compatible for Editor in 0.27 ms, found 0 plugins.
Preloading 0 native plugins for Editor in 0.00 ms.
Unloading 1119 Unused Serialized files (Serialized files now loaded: 0)
System memory in use before: 60.9 MB.
System memory in use after: 60.9 MB.

Unloading 5 unused Assets to reduce memory usage. Loaded Objects now: 1650.
Total: 2.443600 ms (FindLiveObjects: 0.180500 ms CreateObjectMapping: 0.102800 ms MarkObjects: 2.083600 ms  DeleteObjects: 0.075100 ms)

========================================================================
Received Prepare
Registering precompiled user dll's ...
Registered in 0.000597 seconds.
Begin MonoManager ReloadAssembly
Native extension for WindowsStandalone target not found
Refreshing native plugins compatible for Editor in 0.24 ms, found 0 plugins.
Preloading 0 native plugins for Editor in 0.00 ms.
Mono: successfully reloaded assembly
- Completed reload, in  0.935 seconds
Platform modules already initialized, skipping
Refreshing native plugins compatible for Editor in 0.25 ms, found 0 plugins.
Preloading 0 native plugins for Editor in 0.00 ms.
Unloading 1119 Unused Serialized files (Serialized files now loaded: 0)
System memory in use before: 60.9 MB.
System memory in use after: 61.0 MB.

Unloading 5 unused Assets to reduce memory usage. Loaded Objects now: 1653.
Total: 2.087500 ms (FindLiveObjects: 0.174400 ms CreateObjectMapping: 0.078900 ms MarkObjects: 1.769800 ms  DeleteObjects: 0.062800 ms)

========================================================================
Received Import Request.
  Time since last request: 1709.337953 seconds.
  path: Assets/Prefabs/Floor/Floor_Preview.prefab
  artifactKey: Guid(50b86a1a937e00541a2e85c4d4704e1f) Importer(815301076,1909f56bfc062723c751e8b465ee728b)
Start importing Assets/Prefabs/Floor/Floor_Preview.prefab using Guid(50b86a1a937e00541a2e85c4d4704e1f) Importer(815301076,1909f56bfc062723c751e8b465ee728b)  -> (artifact id: 'bfe73b84d23662028fd18ff5137189fc') in 0.073166 seconds
  Import took 0.076937 seconds .

========================================================================
Received Prepare
Registering precompiled user dll's ...
Registered in 0.000585 seconds.
Begin MonoManager ReloadAssembly
Native extension for WindowsStandalone target not found
Refreshing native plugins compatible for Editor in 1.34 ms, found 0 plugins.
Preloading 0 native plugins for Editor in 0.00 ms.
Mono: successfully reloaded assembly
- Completed reload, in  1.268 seconds
Platform modules already initialized, skipping
Refreshing native plugins compatible for Editor in 0.25 ms, found 0 plugins.
Preloading 0 native plugins for Editor in 0.00 ms.
Unloading 1119 Unused Serialized files (Serialized files now loaded: 0)
System memory in use before: 60.9 MB.
System memory in use after: 61.0 MB.

Unloading 5 unused Assets to reduce memory usage. Loaded Objects now: 1657.
Total: 2.246000 ms (FindLiveObjects: 0.217300 ms CreateObjectMapping: 0.050300 ms MarkObjects: 1.919700 ms  DeleteObjects: 0.057200 ms)

========================================================================
Received Import Request.
  Time since last request: 9.859497 seconds.
  path: Assets/Prefabs/Floor/Floor.prefab
  artifactKey: Guid(89009ad662f755e4fa9c71dacd0a8251) Importer(815301076,1909f56bfc062723c751e8b465ee728b)
Start importing Assets/Prefabs/Floor/Floor.prefab using Guid(89009ad662f755e4fa9c71dacd0a8251) Importer(815301076,1909f56bfc062723c751e8b465ee728b)  -> (artifact id: '4b930a9b0b60e27db36c4a2f10ab72c3') in 0.078991 seconds
  Import took 0.081486 seconds .

========================================================================
Received Import Request.
  Time since last request: 12.532150 seconds.
  path: Assets/Prefabs/Floor/Floor.prefab
  artifactKey: Guid(89009ad662f755e4fa9c71dacd0a8251) Importer(815301076,1909f56bfc062723c751e8b465ee728b)
Start importing Assets/Prefabs/Floor/Floor.prefab using Guid(89009ad662f755e4fa9c71dacd0a8251) Importer(815301076,1909f56bfc062723c751e8b465ee728b)  -> (artifact id: '35f6c5237ba5f50c7aaa0a68ae564075') in 0.020292 seconds
  Import took 0.024717 seconds .

========================================================================
Received Prepare
Registering precompiled user dll's ...
Registered in 0.000618 seconds.
Begin MonoManager ReloadAssembly
Native extension for WindowsStandalone target not found
Refreshing native plugins compatible for Editor in 0.23 ms, found 0 plugins.
Preloading 0 native plugins for Editor in 0.00 ms.
Mono: successfully reloaded assembly
- Completed reload, in  1.005 seconds
Platform modules already initialized, skipping
Refreshing native plugins compatible for Editor in 0.23 ms, found 0 plugins.
Preloading 0 native plugins for Editor in 0.00 ms.
Unloading 1119 Unused Serialized files (Serialized files now loaded: 0)
System memory in use before: 60.9 MB.
System memory in use after: 61.0 MB.

Unloading 6 unused Assets to reduce memory usage. Loaded Objects now: 1661.
Total: 1.762200 ms (FindLiveObjects: 0.134100 ms CreateObjectMapping: 0.042000 ms MarkObjects: 1.495900 ms  DeleteObjects: 0.089300 ms)

========================================================================
Received Prepare
Registering precompiled user dll's ...
Registered in 0.000600 seconds.
Begin MonoManager ReloadAssembly
Native extension for WindowsStandalone target not found
Refreshing native plugins compatible for Editor in 0.28 ms, found 0 plugins.
Preloading 0 native plugins for Editor in 0.00 ms.
Mono: successfully reloaded assembly
- Completed reload, in  0.986 seconds
Platform modules already initialized, skipping
Refreshing native plugins compatible for Editor in 0.24 ms, found 0 plugins.
Preloading 0 native plugins for Editor in 0.00 ms.
Unloading 1119 Unused Serialized files (Serialized files now loaded: 0)
System memory in use before: 60.9 MB.
System memory in use after: 61.0 MB.

Unloading 5 unused Assets to reduce memory usage. Loaded Objects now: 1664.
Total: 1.874000 ms (FindLiveObjects: 0.210100 ms CreateObjectMapping: 0.043700 ms MarkObjects: 1.550600 ms  DeleteObjects: 0.068000 ms)

========================================================================
Received Prepare
Registering precompiled user dll's ...
Registered in 0.000586 seconds.
Begin MonoManager ReloadAssembly
Native extension for WindowsStandalone target not found
Refreshing native plugins compatible for Editor in 0.29 ms, found 0 plugins.
Preloading 0 native plugins for Editor in 0.00 ms.
Mono: successfully reloaded assembly
- Completed reload, in  0.953 seconds
Platform modules already initialized, skipping
Refreshing native plugins compatible for Editor in 0.24 ms, found 0 plugins.
Preloading 0 native plugins for Editor in 0.00 ms.
Unloading 1119 Unused Serialized files (Serialized files now loaded: 0)
System memory in use before: 60.9 MB.
System memory in use after: 61.0 MB.

Unloading 5 unused Assets to reduce memory usage. Loaded Objects now: 1667.
Total: 2.085400 ms (FindLiveObjects: 0.200100 ms CreateObjectMapping: 0.076000 ms MarkObjects: 1.737200 ms  DeleteObjects: 0.070700 ms)

========================================================================
Received Prepare
Registering precompiled user dll's ...
Registered in 0.000575 seconds.
Begin MonoManager ReloadAssembly
Native extension for WindowsStandalone target not found
Refreshing native plugins compatible for Editor in 0.35 ms, found 0 plugins.
Preloading 0 native plugins for Editor in 0.00 ms.
Mono: successfully reloaded assembly
- Completed reload, in  0.947 seconds
Platform modules already initialized, skipping
Refreshing native plugins compatible for Editor in 0.24 ms, found 0 plugins.
Preloading 0 native plugins for Editor in 0.00 ms.
Unloading 1119 Unused Serialized files (Serialized files now loaded: 0)
System memory in use before: 60.9 MB.
System memory in use after: 61.0 MB.

Unloading 5 unused Assets to reduce memory usage. Loaded Objects now: 1670.
Total: 2.100000 ms (FindLiveObjects: 0.211500 ms CreateObjectMapping: 0.091200 ms MarkObjects: 1.727800 ms  DeleteObjects: 0.067000 ms)

========================================================================
Received Prepare
Registering precompiled user dll's ...
Registered in 0.000538 seconds.
Begin MonoManager ReloadAssembly
Native extension for WindowsStandalone target not found
Refreshing native plugins compatible for Editor in 0.23 ms, found 0 plugins.
Preloading 0 native plugins for Editor in 0.00 ms.
Mono: successfully reloaded assembly
- Completed reload, in  1.076 seconds
Platform modules already initialized, skipping
Refreshing native plugins compatible for Editor in 0.24 ms, found 0 plugins.
Preloading 0 native plugins for Editor in 0.00 ms.
Unloading 1119 Unused Serialized files (Serialized files now loaded: 0)
System memory in use before: 60.9 MB.
System memory in use after: 61.0 MB.

Unloading 5 unused Assets to reduce memory usage. Loaded Objects now: 1673.
Total: 2.104500 ms (FindLiveObjects: 0.193000 ms CreateObjectMapping: 0.043000 ms MarkObjects: 1.803600 ms  DeleteObjects: 0.063800 ms)

========================================================================
Received Prepare
Registering precompiled user dll's ...
Registered in 0.000572 seconds.
Begin MonoManager ReloadAssembly
Native extension for WindowsStandalone target not found
Refreshing native plugins compatible for Editor in 0.55 ms, found 0 plugins.
Preloading 0 native plugins for Editor in 0.00 ms.
Mono: successfully reloaded assembly
- Completed reload, in  1.160 seconds
Platform modules already initialized, skipping
Refreshing native plugins compatible for Editor in 0.24 ms, found 0 plugins.
Preloading 0 native plugins for Editor in 0.00 ms.
Unloading 1119 Unused Serialized files (Serialized files now loaded: 0)
System memory in use before: 60.9 MB.
System memory in use after: 61.0 MB.

Unloading 5 unused Assets to reduce memory usage. Loaded Objects now: 1676.
Total: 1.896800 ms (FindLiveObjects: 0.145400 ms CreateObjectMapping: 0.042000 ms MarkObjects: 1.607600 ms  DeleteObjects: 0.100400 ms)

========================================================================
Received Import Request.
  Time since last request: 1270.602078 seconds.
  path: Assets/Script/Preview.cs
  artifactKey: Guid(e4b4565b0e8bc3a4ca929b6f69642db6) Importer(815301076,1909f56bfc062723c751e8b465ee728b)
Start importing Assets/Script/Preview.cs using Guid(e4b4565b0e8bc3a4ca929b6f69642db6) Importer(815301076,1909f56bfc062723c751e8b465ee728b)  -> (artifact id: 'f74c71cf0d2ab999f8b064b34332fcf5') in 0.032463 seconds
  Import took 0.035346 seconds .

========================================================================
Received Import Request.
  Time since last request: 0.010510 seconds.
  path: Assets/Script/Preview.cs
  artifactKey: Guid(e4b4565b0e8bc3a4ca929b6f69642db6) Importer(815301076,1909f56bfc062723c751e8b465ee728b)
Start importing Assets/Script/Preview.cs using Guid(e4b4565b0e8bc3a4ca929b6f69642db6) Importer(815301076,1909f56bfc062723c751e8b465ee728b)  -> (artifact id: 'f74c71cf0d2ab999f8b064b34332fcf5') in 0.002398 seconds
  Import took 0.005591 seconds .

========================================================================
Received Prepare
Registering precompiled user dll's ...
Registered in 0.000567 seconds.
Begin MonoManager ReloadAssembly
Native extension for WindowsStandalone target not found
Refreshing native plugins compatible for Editor in 0.23 ms, found 0 plugins.
Preloading 0 native plugins for Editor in 0.00 ms.
Mono: successfully reloaded assembly
- Completed reload, in  1.032 seconds
Platform modules already initialized, skipping
Refreshing native plugins compatible for Editor in 0.47 ms, found 0 plugins.
Preloading 0 native plugins for Editor in 0.00 ms.
Unloading 1118 Unused Serialized files (Serialized files now loaded: 0)
System memory in use before: 60.9 MB.
System memory in use after: 61.0 MB.

Unloading 6 unused Assets to reduce memory usage. Loaded Objects now: 1678.
Total: 2.301900 ms (FindLiveObjects: 0.185100 ms CreateObjectMapping: 0.081700 ms MarkObjects: 1.966900 ms  DeleteObjects: 0.067000 ms)

========================================================================
Received Prepare
Registering precompiled user dll's ...
Registered in 0.000522 seconds.
Begin MonoManager ReloadAssembly
Native extension for WindowsStandalone target not found
Refreshing native plugins compatible for Editor in 0.24 ms, found 0 plugins.
Preloading 0 native plugins for Editor in 0.00 ms.
Mono: successfully reloaded assembly
- Completed reload, in  1.189 seconds
Platform modules already initialized, skipping
Refreshing native plugins compatible for Editor in 0.24 ms, found 0 plugins.
Preloading 0 native plugins for Editor in 0.00 ms.
Unloading 1119 Unused Serialized files (Serialized files now loaded: 0)
System memory in use before: 60.9 MB.
System memory in use after: 61.0 MB.

Unloading 5 unused Assets to reduce memory usage. Loaded Objects now: 1682.
Total: 1.885500 ms (FindLiveObjects: 0.146600 ms CreateObjectMapping: 0.041200 ms MarkObjects: 1.631700 ms  DeleteObjects: 0.064500 ms)

========================================================================
Received Import Request.
  Time since last request: 37.571846 seconds.
  path: Assets/Script/SaveData.cs
  artifactKey: Guid(bbc0a05ec3f2f57439b0a74940795886) Importer(815301076,1909f56bfc062723c751e8b465ee728b)
Start importing Assets/Script/SaveData.cs using Guid(bbc0a05ec3f2f57439b0a74940795886) Importer(815301076,1909f56bfc062723c751e8b465ee728b)  -> (artifact id: '27b39e5c600194d058dacb2a212ee8d2') in 0.006520 seconds
  Import took 0.009564 seconds .

========================================================================
Received Import Request.
  Time since last request: 0.001726 seconds.
  path: Assets/Script/SaveData.cs
  artifactKey: Guid(bbc0a05ec3f2f57439b0a74940795886) Importer(815301076,1909f56bfc062723c751e8b465ee728b)
Start importing Assets/Script/SaveData.cs using Guid(bbc0a05ec3f2f57439b0a74940795886) Importer(815301076,1909f56bfc062723c751e8b465ee728b)  -> (artifact id: '27b39e5c600194d058dacb2a212ee8d2') in 0.004490 seconds
  Import took 0.007103 seconds .

========================================================================
Received Prepare
Registering precompiled user dll's ...
Registered in 0.000771 seconds.
Begin MonoManager ReloadAssembly
Native extension for WindowsStandalone target not found
Refreshing native plugins compatible for Editor in 0.30 ms, found 0 plugins.
Preloading 0 native plugins for Editor in 0.00 ms.
Mono: successfully reloaded assembly
- Completed reload, in  1.069 seconds
Platform modules already initialized, skipping
Refreshing native plugins compatible for Editor in 0.25 ms, found 0 plugins.
Preloading 0 native plugins for Editor in 0.00 ms.
Unloading 1118 Unused Serialized files (Serialized files now loaded: 0)
System memory in use before: 60.9 MB.
System memory in use after: 61.0 MB.

Unloading 6 unused Assets to reduce memory usage. Loaded Objects now: 1684.
Total: 2.115700 ms (FindLiveObjects: 0.178900 ms CreateObjectMapping: 0.082700 ms MarkObjects: 1.781500 ms  DeleteObjects: 0.071500 ms)

========================================================================
Received Prepare
Registering precompiled user dll's ...
Registered in 0.000563 seconds.
Begin MonoManager ReloadAssembly
Native extension for WindowsStandalone target not found
Refreshing native plugins compatible for Editor in 0.28 ms, found 0 plugins.
Preloading 0 native plugins for Editor in 0.00 ms.
Mono: successfully reloaded assembly
- Completed reload, in  0.915 seconds
Platform modules already initialized, skipping
Refreshing native plugins compatible for Editor in 0.30 ms, found 0 plugins.
Preloading 0 native plugins for Editor in 0.00 ms.
Unloading 1118 Unused Serialized files (Serialized files now loaded: 0)
System memory in use before: 60.9 MB.
System memory in use after: 61.0 MB.

Unloading 5 unused Assets to reduce memory usage. Loaded Objects now: 1687.
Total: 2.701500 ms (FindLiveObjects: 0.166800 ms CreateObjectMapping: 0.077300 ms MarkObjects: 2.398700 ms  DeleteObjects: 0.057800 ms)

========================================================================
Received Import Request.
  Time since last request: 171.752304 seconds.
  path: Assets/Prefabs/Furniture/Sofa Preview.prefab
  artifactKey: Guid(bb3c667c594ff9a4e814d89948c14efb) Importer(815301076,1909f56bfc062723c751e8b465ee728b)
Start importing Assets/Prefabs/Furniture/Sofa Preview.prefab using Guid(bb3c667c594ff9a4e814d89948c14efb) Importer(815301076,1909f56bfc062723c751e8b465ee728b)  -> (artifact id: '6a7f05f80e681e8b2bc6426c6d4d898b') in 0.079656 seconds
  Import took 0.084268 seconds .

========================================================================
Received Import Request.
  Time since last request: 440.417411 seconds.
  path: Assets/ColorSet/Sofa02.asset
  artifactKey: Guid(3a760dca32b2408479d4478dea4fae4c) Importer(815301076,1909f56bfc062723c751e8b465ee728b)
Start importing Assets/ColorSet/Sofa02.asset using Guid(3a760dca32b2408479d4478dea4fae4c) Importer(815301076,1909f56bfc062723c751e8b465ee728b)  -> (artifact id: 'febd569bd603bc5bbabc0fc991dd20e0') in 0.018675 seconds
  Import took 0.024715 seconds .

========================================================================
Received Import Request.
  Time since last request: 14.618661 seconds.
  path: Assets/ColorSet/Table01.asset
  artifactKey: Guid(d8c067597b9da304ab58f749bef11070) Importer(815301076,1909f56bfc062723c751e8b465ee728b)
Start importing Assets/ColorSet/Table01.asset using Guid(d8c067597b9da304ab58f749bef11070) Importer(815301076,1909f56bfc062723c751e8b465ee728b)  -> (artifact id: '6d1fe5e72c89cf15271a954d1d5c6aa6') in 0.007714 seconds
  Import took 0.011185 seconds .

========================================================================
Received Import Request.
  Time since last request: 9.833218 seconds.
  path: Assets/ColorSet/Table01 1.asset
  artifactKey: Guid(654f7de077b44a14d8c8d457248514ee) Importer(815301076,1909f56bfc062723c751e8b465ee728b)
Start importing Assets/ColorSet/Table01 1.asset using Guid(654f7de077b44a14d8c8d457248514ee) Importer(815301076,1909f56bfc062723c751e8b465ee728b)  -> (artifact id: '767496781e0a814d107fec739824f2f5') in 0.007733 seconds
  Import took 0.010957 seconds .

========================================================================
Received Import Request.
  Time since last request: 6.760557 seconds.
  path: Assets/ColorSet/Table02.asset
  artifactKey: Guid(654f7de077b44a14d8c8d457248514ee) Importer(815301076,1909f56bfc062723c751e8b465ee728b)
Start importing Assets/ColorSet/Table02.asset using Guid(654f7de077b44a14d8c8d457248514ee) Importer(815301076,1909f56bfc062723c751e8b465ee728b)  -> (artifact id: 'a410af28fe88babf25521a303da0061c') in 0.008979 seconds
  Import took 0.012328 seconds .

========================================================================
Received Import Request.
  Time since last request: 90.141418 seconds.
  path: Assets/Material/Yellow.mat
  artifactKey: Guid(bce6f45310478f7478323d32067da7f9) Importer(815301076,1909f56bfc062723c751e8b465ee728b)
Start importing Assets/Material/Yellow.mat using Guid(bce6f45310478f7478323d32067da7f9) Importer(815301076,1909f56bfc062723c751e8b465ee728b)  -> (artifact id: '33a3d543f1a3ebb2eb650fcc8879d853') in 0.095594 seconds
  Import took 0.099201 seconds .

========================================================================
Received Import Request.
  Time since last request: 8.026428 seconds.
  path: Assets/ColorSet/Table01.asset
  artifactKey: Guid(d8c067597b9da304ab58f749bef11070) Importer(815301076,1909f56bfc062723c751e8b465ee728b)
Start importing Assets/ColorSet/Table01.asset using Guid(d8c067597b9da304ab58f749bef11070) Importer(815301076,1909f56bfc062723c751e8b465ee728b)  -> (artifact id: '84bc88f9fdf3931868a827405b91f672') in 0.004864 seconds
  Import took 0.007923 seconds .

========================================================================
Received Import Request.
  Time since last request: 0.000212 seconds.
  path: Assets/ColorSet/Table02.asset
  artifactKey: Guid(654f7de077b44a14d8c8d457248514ee) Importer(815301076,1909f56bfc062723c751e8b465ee728b)
Start importing Assets/ColorSet/Table02.asset using Guid(654f7de077b44a14d8c8d457248514ee) Importer(815301076,1909f56bfc062723c751e8b465ee728b)  -> (artifact id: 'bdbc244cea65d56bbfbdf5acb9506888') in 0.002821 seconds
  Import took 0.005915 seconds .

========================================================================
Received Import Request.
  Time since last request: 48.859148 seconds.
  path: Assets/Prefabs/Furniture/Table.prefab
  artifactKey: Guid(8d68ca88c3de1ff4881453a31075bf0a) Importer(815301076,1909f56bfc062723c751e8b465ee728b)
Start importing Assets/Prefabs/Furniture/Table.prefab using Guid(8d68ca88c3de1ff4881453a31075bf0a) Importer(815301076,1909f56bfc062723c751e8b465ee728b)  -> (artifact id: '0ed3d049a3fbb45ca957d427479376ef') in 0.015867 seconds
  Import took 0.018889 seconds .

========================================================================
Received Import Request.
  Time since last request: 0.016391 seconds.
  path: Assets/Prefabs/Furniture/Table.prefab
  artifactKey: Guid(8d68ca88c3de1ff4881453a31075bf0a) Importer(815301076,1909f56bfc062723c751e8b465ee728b)
Start importing Assets/Prefabs/Furniture/Table.prefab using Guid(8d68ca88c3de1ff4881453a31075bf0a) Importer(815301076,1909f56bfc062723c751e8b465ee728b)  -> (artifact id: '0ed3d049a3fbb45ca957d427479376ef') in 0.010415 seconds
  Import took 0.013376 seconds .

========================================================================
Received Import Request.
  Time since last request: 129.888665 seconds.
  path: Assets/Prefabs/Furniture/Table Preiew.prefab
  artifactKey: Guid(4eecab87639c8594996a40ae690a12f9) Importer(815301076,1909f56bfc062723c751e8b465ee728b)
Start importing Assets/Prefabs/Furniture/Table Preiew.prefab using Guid(4eecab87639c8594996a40ae690a12f9) Importer(815301076,1909f56bfc062723c751e8b465ee728b)  -> (artifact id: '48e150461f0e04f6191d9e341af3f474') in 0.017959 seconds
  Import took 0.021520 seconds .

========================================================================
Received Import Request.
  Time since last request: 0.012218 seconds.
  path: Assets/Prefabs/Furniture/Table Preiew.prefab
  artifactKey: Guid(4eecab87639c8594996a40ae690a12f9) Importer(815301076,1909f56bfc062723c751e8b465ee728b)
Start importing Assets/Prefabs/Furniture/Table Preiew.prefab using Guid(4eecab87639c8594996a40ae690a12f9) Importer(815301076,1909f56bfc062723c751e8b465ee728b)  -> (artifact id: '48e150461f0e04f6191d9e341af3f474') in 0.017933 seconds
  Import took 0.021366 seconds .

========================================================================
Received Import Request.
  Time since last request: 16.161016 seconds.
  path: Assets/Prefabs/Furniture/Table Preiew.prefab
  artifactKey: Guid(4eecab87639c8594996a40ae690a12f9) Importer(815301076,1909f56bfc062723c751e8b465ee728b)
Start importing Assets/Prefabs/Furniture/Table Preiew.prefab using Guid(4eecab87639c8594996a40ae690a12f9) Importer(815301076,1909f56bfc062723c751e8b465ee728b)  -> (artifact id: '529776c91900d635985ff998bd3cf3a4') in 0.016009 seconds
  Import took 0.018851 seconds .

AssetImportWorkerClient::OnTransportError - code=2 error=End of file
